This is pdfTeX, Version 3.14159265-2.6-1.40.16 (MiKTeX 2.9 64-bit) (preloaded format=pdflatex 2016.7.19)  23 JUL 2016 16:10
entering extended mode
**./report_eYSIP.tex
(report_eYSIP.tex
LaTeX2e <2015/10/01> patch level 2
Babel <3.9n> and hyphenation patterns for 69 languages loaded.

("C:\Users\AVILASH MOHANTY\AppData\Local\Programs\MiKTeX 2.9\tex\latex\base\boo
k.cls"
Document Class: book 2014/09/29 v1.4h Standard LaTeX document class

("C:\Users\AVILASH MOHANTY\AppData\Local\Programs\MiKTeX 2.9\tex\latex\base\bk1
2.clo"
File: bk12.clo 2014/09/29 v1.4h Standard LaTeX file (size option)
)
\c@part=\count79
\c@chapter=\count80
\c@section=\count81
\c@subsection=\count82
\c@subsubsection=\count83
\c@paragraph=\count84
\c@subparagraph=\count85
\c@figure=\count86
\c@table=\count87
\abovecaptionskip=\skip41
\belowcaptionskip=\skip42
\bibindent=\dimen102
)
("C:\Users\AVILASH MOHANTY\AppData\Local\Programs\MiKTeX 2.9\tex\generic\babel\
babel.sty"
Package: babel 2016/01/08 3.9n The Babel package

*************************************
* Local config file bblopts.cfg used
*

("C:\Users\AVILASH MOHANTY\AppData\Local\Programs\MiKTeX 2.9\tex\latex\00miktex
\bblopts.cfg"
File: bblopts.cfg 2006/07/31 v1.0 MiKTeX 'babel' configuration
)
("C:\Users\AVILASH MOHANTY\AppData\Local\Programs\MiKTeX 2.9\tex\latex\babel-en
glish\english.ldf"
Language: english 2012/08/20 v3.3p English support from the babel system

("C:\Users\AVILASH MOHANTY\AppData\Local\Programs\MiKTeX 2.9\tex\generic\babel\
babel.def"
File: babel.def 2016/01/08 3.9n Babel common definitions
\babel@savecnt=\count88
\U@D=\dimen103
)
\l@canadian = a dialect from \language\l@american 
\l@australian = a dialect from \language\l@british 
\l@newzealand = a dialect from \language\l@british 
))
("C:\Users\AVILASH MOHANTY\AppData\Local\Programs\MiKTeX 2.9\tex\latex\base\inp
utenc.sty"
Package: inputenc 2015/03/17 v1.2c Input encoding file
\inpenc@prehook=\toks14
\inpenc@posthook=\toks15

("C:\Users\AVILASH MOHANTY\AppData\Local\Programs\MiKTeX 2.9\tex\latex\base\utf
8.def"
File: utf8.def 2015/09/07 v1.1p UTF-8 support for inputenc
Now handling font encoding OML ...
... no UTF-8 mapping file for font encoding OML
Now handling font encoding T1 ...
... processing UTF-8 mapping file for font encoding T1

("C:\Users\AVILASH MOHANTY\AppData\Local\Programs\MiKTeX 2.9\tex\latex\base\t1e
nc.dfu"
File: t1enc.dfu 2015/09/07 v1.1p UTF-8 support for inputenc
   defining Unicode char U+00A0 (decimal 160)
   defining Unicode char U+00A1 (decimal 161)
   defining Unicode char U+00A3 (decimal 163)
   defining Unicode char U+00AB (decimal 171)
   defining Unicode char U+00AD (decimal 173)
   defining Unicode char U+00BB (decimal 187)
   defining Unicode char U+00BF (decimal 191)
   defining Unicode char U+00C0 (decimal 192)
   defining Unicode char U+00C1 (decimal 193)
   defining Unicode char U+00C2 (decimal 194)
   defining Unicode char U+00C3 (decimal 195)
   defining Unicode char U+00C4 (decimal 196)
   defining Unicode char U+00C5 (decimal 197)
   defining Unicode char U+00C6 (decimal 198)
   defining Unicode char U+00C7 (decimal 199)
   defining Unicode char U+00C8 (decimal 200)
   defining Unicode char U+00C9 (decimal 201)
   defining Unicode char U+00CA (decimal 202)
   defining Unicode char U+00CB (decimal 203)
   defining Unicode char U+00CC (decimal 204)
   defining Unicode char U+00CD (decimal 205)
   defining Unicode char U+00CE (decimal 206)
   defining Unicode char U+00CF (decimal 207)
   defining Unicode char U+00D0 (decimal 208)
   defining Unicode char U+00D1 (decimal 209)
   defining Unicode char U+00D2 (decimal 210)
   defining Unicode char U+00D3 (decimal 211)
   defining Unicode char U+00D4 (decimal 212)
   defining Unicode char U+00D5 (decimal 213)
   defining Unicode char U+00D6 (decimal 214)
   defining Unicode char U+00D8 (decimal 216)
   defining Unicode char U+00D9 (decimal 217)
   defining Unicode char U+00DA (decimal 218)
   defining Unicode char U+00DB (decimal 219)
   defining Unicode char U+00DC (decimal 220)
   defining Unicode char U+00DD (decimal 221)
   defining Unicode char U+00DE (decimal 222)
   defining Unicode char U+00DF (decimal 223)
   defining Unicode char U+00E0 (decimal 224)
   defining Unicode char U+00E1 (decimal 225)
   defining Unicode char U+00E2 (decimal 226)
   defining Unicode char U+00E3 (decimal 227)
   defining Unicode char U+00E4 (decimal 228)
   defining Unicode char U+00E5 (decimal 229)
   defining Unicode char U+00E6 (decimal 230)
   defining Unicode char U+00E7 (decimal 231)
   defining Unicode char U+00E8 (decimal 232)
   defining Unicode char U+00E9 (decimal 233)
   defining Unicode char U+00EA (decimal 234)
   defining Unicode char U+00EB (decimal 235)
   defining Unicode char U+00EC (decimal 236)
   defining Unicode char U+00ED (decimal 237)
   defining Unicode char U+00EE (decimal 238)
   defining Unicode char U+00EF (decimal 239)
   defining Unicode char U+00F0 (decimal 240)
   defining Unicode char U+00F1 (decimal 241)
   defining Unicode char U+00F2 (decimal 242)
   defining Unicode char U+00F3 (decimal 243)
   defining Unicode char U+00F4 (decimal 244)
   defining Unicode char U+00F5 (decimal 245)
   defining Unicode char U+00F6 (decimal 246)
   defining Unicode char U+00F8 (decimal 248)
   defining Unicode char U+00F9 (decimal 249)
   defining Unicode char U+00FA (decimal 250)
   defining Unicode char U+00FB (decimal 251)
   defining Unicode char U+00FC (decimal 252)
   defining Unicode char U+00FD (decimal 253)
   defining Unicode char U+00FE (decimal 254)
   defining Unicode char U+00FF (decimal 255)
   defining Unicode char U+0102 (decimal 258)
   defining Unicode char U+0103 (decimal 259)
   defining Unicode char U+0104 (decimal 260)
   defining Unicode char U+0105 (decimal 261)
   defining Unicode char U+0106 (decimal 262)
   defining Unicode char U+0107 (decimal 263)
   defining Unicode char U+010C (decimal 268)
   defining Unicode char U+010D (decimal 269)
   defining Unicode char U+010E (decimal 270)
   defining Unicode char U+010F (decimal 271)
   defining Unicode char U+0110 (decimal 272)
   defining Unicode char U+0111 (decimal 273)
   defining Unicode char U+0118 (decimal 280)
   defining Unicode char U+0119 (decimal 281)
   defining Unicode char U+011A (decimal 282)
   defining Unicode char U+011B (decimal 283)
   defining Unicode char U+011E (decimal 286)
   defining Unicode char U+011F (decimal 287)
   defining Unicode char U+0130 (decimal 304)
   defining Unicode char U+0131 (decimal 305)
   defining Unicode char U+0132 (decimal 306)
   defining Unicode char U+0133 (decimal 307)
   defining Unicode char U+0139 (decimal 313)
   defining Unicode char U+013A (decimal 314)
   defining Unicode char U+013D (decimal 317)
   defining Unicode char U+013E (decimal 318)
   defining Unicode char U+0141 (decimal 321)
   defining Unicode char U+0142 (decimal 322)
   defining Unicode char U+0143 (decimal 323)
   defining Unicode char U+0144 (decimal 324)
   defining Unicode char U+0147 (decimal 327)
   defining Unicode char U+0148 (decimal 328)
   defining Unicode char U+014A (decimal 330)
   defining Unicode char U+014B (decimal 331)
   defining Unicode char U+0150 (decimal 336)
   defining Unicode char U+0151 (decimal 337)
   defining Unicode char U+0152 (decimal 338)
   defining Unicode char U+0153 (decimal 339)
   defining Unicode char U+0154 (decimal 340)
   defining Unicode char U+0155 (decimal 341)
   defining Unicode char U+0158 (decimal 344)
   defining Unicode char U+0159 (decimal 345)
   defining Unicode char U+015A (decimal 346)
   defining Unicode char U+015B (decimal 347)
   defining Unicode char U+015E (decimal 350)
   defining Unicode char U+015F (decimal 351)
   defining Unicode char U+0160 (decimal 352)
   defining Unicode char U+0161 (decimal 353)
   defining Unicode char U+0162 (decimal 354)
   defining Unicode char U+0163 (decimal 355)
   defining Unicode char U+0164 (decimal 356)
   defining Unicode char U+0165 (decimal 357)
   defining Unicode char U+016E (decimal 366)
   defining Unicode char U+016F (decimal 367)
   defining Unicode char U+0170 (decimal 368)
   defining Unicode char U+0171 (decimal 369)
   defining Unicode char U+0174 (decimal 372)
   defining Unicode char U+0175 (decimal 373)
   defining Unicode char U+0176 (decimal 374)
   defining Unicode char U+0177 (decimal 375)
   defining Unicode char U+0178 (decimal 376)
   defining Unicode char U+0179 (decimal 377)
   defining Unicode char U+017A (decimal 378)
   defining Unicode char U+017B (decimal 379)
   defining Unicode char U+017C (decimal 380)
   defining Unicode char U+017D (decimal 381)
   defining Unicode char U+017E (decimal 382)
   defining Unicode char U+0218 (decimal 536)
   defining Unicode char U+0219 (decimal 537)
   defining Unicode char U+021A (decimal 538)
   defining Unicode char U+021B (decimal 539)
   defining Unicode char U+200C (decimal 8204)
   defining Unicode char U+2013 (decimal 8211)
   defining Unicode char U+2014 (decimal 8212)
   defining Unicode char U+2018 (decimal 8216)
   defining Unicode char U+2019 (decimal 8217)
   defining Unicode char U+201A (decimal 8218)
   defining Unicode char U+201C (decimal 8220)
   defining Unicode char U+201D (decimal 8221)
   defining Unicode char U+201E (decimal 8222)
   defining Unicode char U+2030 (decimal 8240)
   defining Unicode char U+2031 (decimal 8241)
   defining Unicode char U+2039 (decimal 8249)
   defining Unicode char U+203A (decimal 8250)
   defining Unicode char U+2423 (decimal 9251)
)
Now handling font encoding OT1 ...
... processing UTF-8 mapping file for font encoding OT1

("C:\Users\AVILASH MOHANTY\AppData\Local\Programs\MiKTeX 2.9\tex\latex\base\ot1
enc.dfu"
File: ot1enc.dfu 2015/09/07 v1.1p UTF-8 support for inputenc
   defining Unicode char U+00A0 (decimal 160)
   defining Unicode char U+00A1 (decimal 161)
   defining Unicode char U+00A3 (decimal 163)
   defining Unicode char U+00AD (decimal 173)
   defining Unicode char U+00B8 (decimal 184)
   defining Unicode char U+00BF (decimal 191)
   defining Unicode char U+00C5 (decimal 197)
   defining Unicode char U+00C6 (decimal 198)
   defining Unicode char U+00D8 (decimal 216)
   defining Unicode char U+00DF (decimal 223)
   defining Unicode char U+00E6 (decimal 230)
   defining Unicode char U+00EC (decimal 236)
   defining Unicode char U+00ED (decimal 237)
   defining Unicode char U+00EE (decimal 238)
   defining Unicode char U+00EF (decimal 239)
   defining Unicode char U+00F8 (decimal 248)
   defining Unicode char U+0131 (decimal 305)
   defining Unicode char U+0141 (decimal 321)
   defining Unicode char U+0142 (decimal 322)
   defining Unicode char U+0152 (decimal 338)
   defining Unicode char U+0153 (decimal 339)
   defining Unicode char U+0174 (decimal 372)
   defining Unicode char U+0175 (decimal 373)
   defining Unicode char U+0176 (decimal 374)
   defining Unicode char U+0177 (decimal 375)
   defining Unicode char U+0218 (decimal 536)
   defining Unicode char U+0219 (decimal 537)
   defining Unicode char U+021A (decimal 538)
   defining Unicode char U+021B (decimal 539)
   defining Unicode char U+2013 (decimal 8211)
   defining Unicode char U+2014 (decimal 8212)
   defining Unicode char U+2018 (decimal 8216)
   defining Unicode char U+2019 (decimal 8217)
   defining Unicode char U+201C (decimal 8220)
   defining Unicode char U+201D (decimal 8221)
)
Now handling font encoding OMS ...
... processing UTF-8 mapping file for font encoding OMS

("C:\Users\AVILASH MOHANTY\AppData\Local\Programs\MiKTeX 2.9\tex\latex\base\oms
enc.dfu"
File: omsenc.dfu 2015/09/07 v1.1p UTF-8 support for inputenc
   defining Unicode char U+00A7 (decimal 167)
   defining Unicode char U+00B6 (decimal 182)
   defining Unicode char U+00B7 (decimal 183)
   defining Unicode char U+2020 (decimal 8224)
   defining Unicode char U+2021 (decimal 8225)
   defining Unicode char U+2022 (decimal 8226)
)
Now handling font encoding OMX ...
... no UTF-8 mapping file for font encoding OMX
Now handling font encoding U ...
... no UTF-8 mapping file for font encoding U
   defining Unicode char U+00A9 (decimal 169)
   defining Unicode char U+00AA (decimal 170)
   defining Unicode char U+00AE (decimal 174)
   defining Unicode char U+00BA (decimal 186)
   defining Unicode char U+02C6 (decimal 710)
   defining Unicode char U+02DC (decimal 732)
   defining Unicode char U+200C (decimal 8204)
   defining Unicode char U+2026 (decimal 8230)
   defining Unicode char U+2122 (decimal 8482)
   defining Unicode char U+2423 (decimal 9251)
))
("C:\Users\AVILASH MOHANTY\AppData\Local\Programs\MiKTeX 2.9\tex\latex\blindtex
t\blindtext.sty"
Package: blindtext 2012/01/06 V2.0 blindtext-Package

("C:\Users\AVILASH MOHANTY\AppData\Local\Programs\MiKTeX 2.9\tex\latex\tools\xs
pace.sty"
Package: xspace 2014/10/28 v1.13 Space after command names (DPC,MH)
)
\c@blindtext=\count89
\c@Blindtext=\count90
\c@blind@countparstart=\count91
\blind@countxx=\count92
\blindtext@numBlindtext=\count93
\blind@countyy=\count94
\c@blindlist=\count95
\c@blindlistlevel=\count96
\c@blindlist@level=\count97
\blind@listitem=\count98
\c@blind@listcount=\count99
\c@blind@levelcount=\count100
\blind@mathformula=\count101
\blind@Mathformula=\count102
\c@blind@randomcount=\count103
\c@blind@randommax=\count104
\c@blind@pangramcount=\count105
\c@blind@pangrammax=\count106
)
("C:\Users\AVILASH MOHANTY\AppData\Local\Programs\MiKTeX 2.9\tex\latex\hyperref
\hyperref.sty"
Package: hyperref 2012/11/06 v6.83m Hypertext links for LaTeX

("C:\Users\AVILASH MOHANTY\AppData\Local\Programs\MiKTeX 2.9\tex\generic\oberdi
ek\hobsub-hyperref.sty"
Package: hobsub-hyperref 2012/04/25 v1.12 Bundle oberdiek, subset hyperref (HO)


("C:\Users\AVILASH MOHANTY\AppData\Local\Programs\MiKTeX 2.9\tex\generic\oberdi
ek\hobsub-generic.sty"
Package: hobsub-generic 2012/04/25 v1.12 Bundle oberdiek, subset generic (HO)
Package: hobsub 2012/04/25 v1.12 Construct package bundles (HO)
Package: infwarerr 2010/04/08 v1.3 Providing info/warning/error messages (HO)
Package: ltxcmds 2011/11/09 v1.22 LaTeX kernel commands for general use (HO)
Package: ifluatex 2010/03/01 v1.3 Provides the ifluatex switch (HO)
Package ifluatex Info: LuaTeX not detected.
Package: ifvtex 2010/03/01 v1.5 Detect VTeX and its facilities (HO)
Package ifvtex Info: VTeX not detected.
Package: intcalc 2007/09/27 v1.1 Expandable calculations with integers (HO)
Package: ifpdf 2011/01/30 v2.3 Provides the ifpdf switch (HO)
Package ifpdf Info: pdfTeX in PDF mode is detected.
Package: etexcmds 2011/02/16 v1.5 Avoid name clashes with e-TeX commands (HO)
Package etexcmds Info: Could not find \expanded.
(etexcmds)             That can mean that you are not using pdfTeX 1.50 or
(etexcmds)             that some package has redefined \expanded.
(etexcmds)             In the latter case, load this package earlier.
Package: kvsetkeys 2012/04/25 v1.16 Key value parser (HO)
Package: kvdefinekeys 2011/04/07 v1.3 Define keys (HO)
Package: pdftexcmds 2011/11/29 v0.20 Utility functions of pdfTeX for LuaTeX (HO
)
Package pdftexcmds Info: LuaTeX not detected.
Package pdftexcmds Info: \pdf@primitive is available.
Package pdftexcmds Info: \pdf@ifprimitive is available.
Package pdftexcmds Info: \pdfdraftmode found.
Package: pdfescape 2011/11/25 v1.13 Implements pdfTeX's escape features (HO)
Package: bigintcalc 2012/04/08 v1.3 Expandable calculations on big integers (HO
)
Package: bitset 2011/01/30 v1.1 Handle bit-vector datatype (HO)
Package: uniquecounter 2011/01/30 v1.2 Provide unlimited unique counter (HO)
)
Package hobsub Info: Skipping package `hobsub' (already loaded).
Package: letltxmacro 2010/09/02 v1.4 Let assignment for LaTeX macros (HO)
Package: hopatch 2011/06/24 v1.1 Wrapper for package hooks (HO)
Package: xcolor-patch 2011/01/30 xcolor patch
Package: atveryend 2011/06/30 v1.8 Hooks at the very end of document (HO)
Package atveryend Info: \enddocument detected (standard20110627).
Package: atbegshi 2011/10/05 v1.16 At begin shipout hook (HO)
Package: refcount 2011/10/16 v3.4 Data extraction from label references (HO)
Package: hycolor 2011/01/30 v1.7 Color options for hyperref/bookmark (HO)
)
("C:\Users\AVILASH MOHANTY\AppData\Local\Programs\MiKTeX 2.9\tex\latex\graphics
\keyval.sty"
Package: keyval 2014/10/28 v1.15 key=value parser (DPC)
\KV@toks@=\toks16
)
("C:\Users\AVILASH MOHANTY\AppData\Local\Programs\MiKTeX 2.9\tex\generic\ifxete
x\ifxetex.sty"
Package: ifxetex 2010/09/12 v0.6 Provides ifxetex conditional
)
("C:\Users\AVILASH MOHANTY\AppData\Local\Programs\MiKTeX 2.9\tex\latex\oberdiek
\auxhook.sty"
Package: auxhook 2011/03/04 v1.3 Hooks for auxiliary files (HO)
)
("C:\Users\AVILASH MOHANTY\AppData\Local\Programs\MiKTeX 2.9\tex\latex\oberdiek
\kvoptions.sty"
Package: kvoptions 2011/06/30 v3.11 Key value format for package options (HO)
)
\@linkdim=\dimen104
\Hy@linkcounter=\count107
\Hy@pagecounter=\count108

("C:\Users\AVILASH MOHANTY\AppData\Local\Programs\MiKTeX 2.9\tex\latex\hyperref
\pd1enc.def"
File: pd1enc.def 2012/11/06 v6.83m Hyperref: PDFDocEncoding definition (HO)
Now handling font encoding PD1 ...
... no UTF-8 mapping file for font encoding PD1
)
\Hy@SavedSpaceFactor=\count109

("C:\Users\AVILASH MOHANTY\AppData\Local\Programs\MiKTeX 2.9\tex\latex\00miktex
\hyperref.cfg"
File: hyperref.cfg 2002/06/06 v1.2 hyperref configuration of TeXLive
)
Package hyperref Info: Hyper figures OFF on input line 4443.
Package hyperref Info: Link nesting OFF on input line 4448.
Package hyperref Info: Hyper index ON on input line 4451.
Package hyperref Info: Plain pages OFF on input line 4458.
Package hyperref Info: Backreferencing OFF on input line 4463.
Package hyperref Info: Implicit mode ON; LaTeX internals redefined.
Package hyperref Info: Bookmarks ON on input line 4688.
\c@Hy@tempcnt=\count110

("C:\Users\AVILASH MOHANTY\AppData\Local\Programs\MiKTeX 2.9\tex\latex\url\url.
sty"
\Urlmuskip=\muskip10
Package: url 2013/09/16  ver 3.4  Verb mode for urls, etc.
)
LaTeX Info: Redefining \url on input line 5041.
\XeTeXLinkMargin=\dimen105
\Fld@menulength=\count111
\Field@Width=\dimen106
\Fld@charsize=\dimen107
Package hyperref Info: Hyper figures OFF on input line 6295.
Package hyperref Info: Link nesting OFF on input line 6300.
Package hyperref Info: Hyper index ON on input line 6303.
Package hyperref Info: backreferencing OFF on input line 6310.
Package hyperref Info: Link coloring OFF on input line 6315.
Package hyperref Info: Link coloring with OCG OFF on input line 6320.
Package hyperref Info: PDF/A mode OFF on input line 6325.
LaTeX Info: Redefining \ref on input line 6365.
LaTeX Info: Redefining \pageref on input line 6369.
\Hy@abspage=\count112
\c@Item=\count113
\c@Hfootnote=\count114
)

Package hyperref Message: Driver (autodetected): hpdftex.


("C:\Users\AVILASH MOHANTY\AppData\Local\Programs\MiKTeX 2.9\tex\latex\hyperref
\hpdftex.def"
File: hpdftex.def 2012/11/06 v6.83m Hyperref driver for pdfTeX
\Fld@listcount=\count115
\c@bookmark@seq@number=\count116

("C:\Users\AVILASH MOHANTY\AppData\Local\Programs\MiKTeX 2.9\tex\latex\oberdiek
\rerunfilecheck.sty"
Package: rerunfilecheck 2011/04/15 v1.7 Rerun checks for auxiliary files (HO)
Package uniquecounter Info: New unique counter `rerunfilecheck' on input line 2
82.
)
\Hy@SectionHShift=\skip43
)
Package hyperref Info: Option `colorlinks' set `true' on input line 14.

("C:\Users\AVILASH MOHANTY\AppData\Local\Programs\MiKTeX 2.9\tex\latex\fancyhdr
\fancyhdr.sty"
\fancy@headwidth=\skip44
\f@ncyO@elh=\skip45
\f@ncyO@erh=\skip46
\f@ncyO@olh=\skip47
\f@ncyO@orh=\skip48
\f@ncyO@elf=\skip49
\f@ncyO@erf=\skip50
\f@ncyO@olf=\skip51
\f@ncyO@orf=\skip52
)
("C:\Users\AVILASH MOHANTY\AppData\Local\Programs\MiKTeX 2.9\tex\latex\float\fl
oat.sty"
Package: float 2001/11/08 v1.3d Float enhancements (AL)
\c@float@type=\count117
\float@exts=\toks17
\float@box=\box26
\@float@everytoks=\toks18
\@floatcapt=\box27
)
("C:\Users\AVILASH MOHANTY\AppData\Local\Programs\MiKTeX 2.9\tex\latex\subfig\s
ubfig.sty"
Package: subfig 2005/06/28 ver: 1.3 subfig package

("C:\Users\AVILASH MOHANTY\AppData\Local\Programs\MiKTeX 2.9\tex\latex\caption\
caption.sty"
Package: caption 2016/02/21 v3.3-144 Customizing captions (AR)

("C:\Users\AVILASH MOHANTY\AppData\Local\Programs\MiKTeX 2.9\tex\latex\caption\
caption3.sty"
Package: caption3 2016/05/22 v1.7-166 caption3 kernel (AR)
Package caption3 Info: TeX engine: e-TeX on input line 67.
\captionmargin=\dimen108
\captionmargin@=\dimen109
\captionwidth=\dimen110
\caption@tempdima=\dimen111
\caption@indent=\dimen112
\caption@parindent=\dimen113
\caption@hangindent=\dimen114
)
\c@ContinuedFloat=\count118
Package caption Info: float package is loaded.
Package caption Info: hyperref package is loaded.
)
\c@KVtest=\count119
\sf@farskip=\skip53
\sf@captopadj=\dimen115
\sf@capskip=\skip54
\sf@nearskip=\skip55
\c@subfigure=\count120
\c@subfigure@save=\count121
\c@lofdepth=\count122
\c@subtable=\count123
\c@subtable@save=\count124
\c@lotdepth=\count125
\sf@top=\skip56
\sf@bottom=\skip57
)

Package Fancyhdr Warning: \fancyfoot's `E' option without twoside option is use
less on input line 26.


Package Fancyhdr Warning: \fancyfoot's `E' option without twoside option is use
less on input line 27.


("C:\Users\AVILASH MOHANTY\AppData\Local\Programs\MiKTeX 2.9\tex\latex\titlesec
\titlesec.sty"
Package: titlesec 2016/03/21 v2.10.2 Sectioning titles
\ttl@box=\box28
\beforetitleunit=\skip58
\aftertitleunit=\skip59
\ttl@plus=\dimen116
\ttl@minus=\dimen117
\ttl@toksa=\toks19
\titlewidth=\dimen118
\titlewidthlast=\dimen119
\titlewidthfirst=\dimen120
)
("C:\Users\AVILASH MOHANTY\AppData\Local\Programs\MiKTeX 2.9\tex\latex\tcolorbo
x\tcolorbox.sty"
Package: tcolorbox 2016/07/14 version 3.94 text color boxes

("C:\Users\AVILASH MOHANTY\AppData\Local\Programs\MiKTeX 2.9\tex\latex\pgf\basi
clayer\pgf.sty"
("C:\Users\AVILASH MOHANTY\AppData\Local\Programs\MiKTeX 2.9\tex\latex\pgf\util
ities\pgfrcs.sty"
("C:\Users\AVILASH MOHANTY\AppData\Local\Programs\MiKTeX 2.9\tex\generic\pgf\ut
ilities\pgfutil-common.tex"
\pgfutil@everybye=\toks20
\pgfutil@tempdima=\dimen121
\pgfutil@tempdimb=\dimen122

("C:\Users\AVILASH MOHANTY\AppData\Local\Programs\MiKTeX 2.9\tex\generic\pgf\ut
ilities\pgfutil-common-lists.tex"))
("C:\Users\AVILASH MOHANTY\AppData\Local\Programs\MiKTeX 2.9\tex\generic\pgf\ut
ilities\pgfutil-latex.def"
\pgfutil@abb=\box29

("C:\Users\AVILASH MOHANTY\AppData\Local\Programs\MiKTeX 2.9\tex\latex\ms\every
shi.sty"
Package: everyshi 2001/05/15 v3.00 EveryShipout Package (MS)
))
("C:\Users\AVILASH MOHANTY\AppData\Local\Programs\MiKTeX 2.9\tex\generic\pgf\ut
ilities\pgfrcs.code.tex"
Package: pgfrcs 2015/08/07 v3.0.1a (rcs-revision 1.31)
))
Package: pgf 2015/08/07 v3.0.1a (rcs-revision 1.15)

("C:\Users\AVILASH MOHANTY\AppData\Local\Programs\MiKTeX 2.9\tex\latex\pgf\basi
clayer\pgfcore.sty"
("C:\Users\AVILASH MOHANTY\AppData\Local\Programs\MiKTeX 2.9\tex\latex\graphics
\graphicx.sty"
Package: graphicx 2014/10/28 v1.0g Enhanced LaTeX Graphics (DPC,SPQR)

("C:\Users\AVILASH MOHANTY\AppData\Local\Programs\MiKTeX 2.9\tex\latex\graphics
\graphics.sty"
Package: graphics 2014/10/28 v1.0p Standard LaTeX Graphics (DPC,SPQR)

("C:\Users\AVILASH MOHANTY\AppData\Local\Programs\MiKTeX 2.9\tex\latex\graphics
\trig.sty"
Package: trig 1999/03/16 v1.09 sin cos tan (DPC)
)
("C:\Users\AVILASH MOHANTY\AppData\Local\Programs\MiKTeX 2.9\tex\latex\00miktex
\graphics.cfg"
File: graphics.cfg 2007/01/18 v1.5 graphics configuration of teTeX/TeXLive
)
Package graphics Info: Driver file: pdftex.def on input line 94.

("C:\Users\AVILASH MOHANTY\AppData\Local\Programs\MiKTeX 2.9\tex\latex\pdftex-d
ef\pdftex.def"
File: pdftex.def 2011/05/27 v0.06d Graphics/color for pdfTeX
\Gread@gobject=\count126
))
\Gin@req@height=\dimen123
\Gin@req@width=\dimen124
)
("C:\Users\AVILASH MOHANTY\AppData\Local\Programs\MiKTeX 2.9\tex\latex\pgf\syst
emlayer\pgfsys.sty"
("C:\Users\AVILASH MOHANTY\AppData\Local\Programs\MiKTeX 2.9\tex\generic\pgf\sy
stemlayer\pgfsys.code.tex"
Package: pgfsys 2014/07/09 v3.0.1a (rcs-revision 1.48)

("C:\Users\AVILASH MOHANTY\AppData\Local\Programs\MiKTeX 2.9\tex\generic\pgf\ut
ilities\pgfkeys.code.tex"
\pgfkeys@pathtoks=\toks21
\pgfkeys@temptoks=\toks22

("C:\Users\AVILASH MOHANTY\AppData\Local\Programs\MiKTeX 2.9\tex\generic\pgf\ut
ilities\pgfkeysfiltered.code.tex"
\pgfkeys@tmptoks=\toks23
))
\pgf@x=\dimen125
\pgf@y=\dimen126
\pgf@xa=\dimen127
\pgf@ya=\dimen128
\pgf@xb=\dimen129
\pgf@yb=\dimen130
\pgf@xc=\dimen131
\pgf@yc=\dimen132
\w@pgf@writea=\write3
\r@pgf@reada=\read1
\c@pgf@counta=\count127
\c@pgf@countb=\count128
\c@pgf@countc=\count129
\c@pgf@countd=\count130
\t@pgf@toka=\toks24
\t@pgf@tokb=\toks25
\t@pgf@tokc=\toks26

("C:\Users\AVILASH MOHANTY\AppData\Local\Programs\MiKTeX 2.9\tex\generic\pgf\sy
stemlayer\pgf.cfg"
File: pgf.cfg 2008/05/14  (rcs-revision 1.7)
)
Driver file for pgf: pgfsys-pdftex.def

("C:\Users\AVILASH MOHANTY\AppData\Local\Programs\MiKTeX 2.9\tex\generic\pgf\sy
stemlayer\pgfsys-pdftex.def"
File: pgfsys-pdftex.def 2014/10/11  (rcs-revision 1.35)

("C:\Users\AVILASH MOHANTY\AppData\Local\Programs\MiKTeX 2.9\tex\generic\pgf\sy
stemlayer\pgfsys-common-pdf.def"
File: pgfsys-common-pdf.def 2013/10/10  (rcs-revision 1.13)
)))
("C:\Users\AVILASH MOHANTY\AppData\Local\Programs\MiKTeX 2.9\tex\generic\pgf\sy
stemlayer\pgfsyssoftpath.code.tex"
File: pgfsyssoftpath.code.tex 2013/09/09  (rcs-revision 1.9)
\pgfsyssoftpath@smallbuffer@items=\count131
\pgfsyssoftpath@bigbuffer@items=\count132
)
("C:\Users\AVILASH MOHANTY\AppData\Local\Programs\MiKTeX 2.9\tex\generic\pgf\sy
stemlayer\pgfsysprotocol.code.tex"
File: pgfsysprotocol.code.tex 2006/10/16  (rcs-revision 1.4)
))
("C:\Users\AVILASH MOHANTY\AppData\Local\Programs\MiKTeX 2.9\tex\latex\xcolor\x
color.sty"
Package: xcolor 2016/05/11 v2.12 LaTeX color extensions (UK)

("C:\Users\AVILASH MOHANTY\AppData\Local\Programs\MiKTeX 2.9\tex\latex\00miktex
\color.cfg"
File: color.cfg 2007/01/18 v1.5 color configuration of teTeX/TeXLive
)
Package xcolor Info: Driver file: pdftex.def on input line 225.
Package xcolor Info: Model `cmy' substituted by `cmy0' on input line 1348.
Package xcolor Info: Model `hsb' substituted by `rgb' on input line 1352.
Package xcolor Info: Model `RGB' extended on input line 1364.
Package xcolor Info: Model `HTML' substituted by `rgb' on input line 1366.
Package xcolor Info: Model `Hsb' substituted by `hsb' on input line 1367.
Package xcolor Info: Model `tHsb' substituted by `hsb' on input line 1368.
Package xcolor Info: Model `HSB' substituted by `hsb' on input line 1369.
Package xcolor Info: Model `Gray' substituted by `gray' on input line 1370.
Package xcolor Info: Model `wave' substituted by `hsb' on input line 1371.
)
("C:\Users\AVILASH MOHANTY\AppData\Local\Programs\MiKTeX 2.9\tex\generic\pgf\ba
siclayer\pgfcore.code.tex"
Package: pgfcore 2010/04/11 v3.0.1a (rcs-revision 1.7)

("C:\Users\AVILASH MOHANTY\AppData\Local\Programs\MiKTeX 2.9\tex\generic\pgf\ma
th\pgfmath.code.tex"
("C:\Users\AVILASH MOHANTY\AppData\Local\Programs\MiKTeX 2.9\tex\generic\pgf\ma
th\pgfmathcalc.code.tex"
("C:\Users\AVILASH MOHANTY\AppData\Local\Programs\MiKTeX 2.9\tex\generic\pgf\ma
th\pgfmathutil.code.tex")
("C:\Users\AVILASH MOHANTY\AppData\Local\Programs\MiKTeX 2.9\tex\generic\pgf\ma
th\pgfmathparser.code.tex"
\pgfmath@dimen=\dimen133
\pgfmath@count=\count133
\pgfmath@box=\box30
\pgfmath@toks=\toks27
\pgfmath@stack@operand=\toks28
\pgfmath@stack@operation=\toks29
)
("C:\Users\AVILASH MOHANTY\AppData\Local\Programs\MiKTeX 2.9\tex\generic\pgf\ma
th\pgfmathfunctions.code.tex"
("C:\Users\AVILASH MOHANTY\AppData\Local\Programs\MiKTeX 2.9\tex\generic\pgf\ma
th\pgfmathfunctions.basic.code.tex")
("C:\Users\AVILASH MOHANTY\AppData\Local\Programs\MiKTeX 2.9\tex\generic\pgf\ma
th\pgfmathfunctions.trigonometric.code.tex")
("C:\Users\AVILASH MOHANTY\AppData\Local\Programs\MiKTeX 2.9\tex\generic\pgf\ma
th\pgfmathfunctions.random.code.tex")
("C:\Users\AVILASH MOHANTY\AppData\Local\Programs\MiKTeX 2.9\tex\generic\pgf\ma
th\pgfmathfunctions.comparison.code.tex")
("C:\Users\AVILASH MOHANTY\AppData\Local\Programs\MiKTeX 2.9\tex\generic\pgf\ma
th\pgfmathfunctions.base.code.tex")
("C:\Users\AVILASH MOHANTY\AppData\Local\Programs\MiKTeX 2.9\tex\generic\pgf\ma
th\pgfmathfunctions.round.code.tex")
("C:\Users\AVILASH MOHANTY\AppData\Local\Programs\MiKTeX 2.9\tex\generic\pgf\ma
th\pgfmathfunctions.misc.code.tex")
("C:\Users\AVILASH MOHANTY\AppData\Local\Programs\MiKTeX 2.9\tex\generic\pgf\ma
th\pgfmathfunctions.integerarithmetics.code.tex")))
("C:\Users\AVILASH MOHANTY\AppData\Local\Programs\MiKTeX 2.9\tex\generic\pgf\ma
th\pgfmathfloat.code.tex"
\c@pgfmathroundto@lastzeros=\count134
))
("C:\Users\AVILASH MOHANTY\AppData\Local\Programs\MiKTeX 2.9\tex\generic\pgf\ba
siclayer\pgfcorepoints.code.tex"
File: pgfcorepoints.code.tex 2013/10/07  (rcs-revision 1.27)
\pgf@picminx=\dimen134
\pgf@picmaxx=\dimen135
\pgf@picminy=\dimen136
\pgf@picmaxy=\dimen137
\pgf@pathminx=\dimen138
\pgf@pathmaxx=\dimen139
\pgf@pathminy=\dimen140
\pgf@pathmaxy=\dimen141
\pgf@xx=\dimen142
\pgf@xy=\dimen143
\pgf@yx=\dimen144
\pgf@yy=\dimen145
\pgf@zx=\dimen146
\pgf@zy=\dimen147
)
("C:\Users\AVILASH MOHANTY\AppData\Local\Programs\MiKTeX 2.9\tex\generic\pgf\ba
siclayer\pgfcorepathconstruct.code.tex"
File: pgfcorepathconstruct.code.tex 2013/10/07  (rcs-revision 1.29)
\pgf@path@lastx=\dimen148
\pgf@path@lasty=\dimen149
)
("C:\Users\AVILASH MOHANTY\AppData\Local\Programs\MiKTeX 2.9\tex\generic\pgf\ba
siclayer\pgfcorepathusage.code.tex"
File: pgfcorepathusage.code.tex 2014/11/02  (rcs-revision 1.24)
\pgf@shorten@end@additional=\dimen150
\pgf@shorten@start@additional=\dimen151
)
("C:\Users\AVILASH MOHANTY\AppData\Local\Programs\MiKTeX 2.9\tex\generic\pgf\ba
siclayer\pgfcorescopes.code.tex"
File: pgfcorescopes.code.tex 2015/05/08  (rcs-revision 1.46)
\pgfpic=\box31
\pgf@hbox=\box32
\pgf@layerbox@main=\box33
\pgf@picture@serial@count=\count135
)
("C:\Users\AVILASH MOHANTY\AppData\Local\Programs\MiKTeX 2.9\tex\generic\pgf\ba
siclayer\pgfcoregraphicstate.code.tex"
File: pgfcoregraphicstate.code.tex 2014/11/02  (rcs-revision 1.12)
\pgflinewidth=\dimen152
)
("C:\Users\AVILASH MOHANTY\AppData\Local\Programs\MiKTeX 2.9\tex\generic\pgf\ba
siclayer\pgfcoretransformations.code.tex"
File: pgfcoretransformations.code.tex 2015/08/07  (rcs-revision 1.20)
\pgf@pt@x=\dimen153
\pgf@pt@y=\dimen154
\pgf@pt@temp=\dimen155
)
("C:\Users\AVILASH MOHANTY\AppData\Local\Programs\MiKTeX 2.9\tex\generic\pgf\ba
siclayer\pgfcorequick.code.tex"
File: pgfcorequick.code.tex 2008/10/09  (rcs-revision 1.3)
)
("C:\Users\AVILASH MOHANTY\AppData\Local\Programs\MiKTeX 2.9\tex\generic\pgf\ba
siclayer\pgfcoreobjects.code.tex"
File: pgfcoreobjects.code.tex 2006/10/11  (rcs-revision 1.2)
)
("C:\Users\AVILASH MOHANTY\AppData\Local\Programs\MiKTeX 2.9\tex\generic\pgf\ba
siclayer\pgfcorepathprocessing.code.tex"
File: pgfcorepathprocessing.code.tex 2013/09/09  (rcs-revision 1.9)
)
("C:\Users\AVILASH MOHANTY\AppData\Local\Programs\MiKTeX 2.9\tex\generic\pgf\ba
siclayer\pgfcorearrows.code.tex"
File: pgfcorearrows.code.tex 2015/05/14  (rcs-revision 1.43)
\pgfarrowsep=\dimen156
)
("C:\Users\AVILASH MOHANTY\AppData\Local\Programs\MiKTeX 2.9\tex\generic\pgf\ba
siclayer\pgfcoreshade.code.tex"
File: pgfcoreshade.code.tex 2013/07/15  (rcs-revision 1.15)
\pgf@max=\dimen157
\pgf@sys@shading@range@num=\count136
)
("C:\Users\AVILASH MOHANTY\AppData\Local\Programs\MiKTeX 2.9\tex\generic\pgf\ba
siclayer\pgfcoreimage.code.tex"
File: pgfcoreimage.code.tex 2013/07/15  (rcs-revision 1.18)

("C:\Users\AVILASH MOHANTY\AppData\Local\Programs\MiKTeX 2.9\tex\generic\pgf\ba
siclayer\pgfcoreexternal.code.tex"
File: pgfcoreexternal.code.tex 2014/07/09  (rcs-revision 1.21)
\pgfexternal@startupbox=\box34
))
("C:\Users\AVILASH MOHANTY\AppData\Local\Programs\MiKTeX 2.9\tex\generic\pgf\ba
siclayer\pgfcorelayers.code.tex"
File: pgfcorelayers.code.tex 2013/07/18  (rcs-revision 1.7)
)
("C:\Users\AVILASH MOHANTY\AppData\Local\Programs\MiKTeX 2.9\tex\generic\pgf\ba
siclayer\pgfcoretransparency.code.tex"
File: pgfcoretransparency.code.tex 2013/09/30  (rcs-revision 1.5)
)
("C:\Users\AVILASH MOHANTY\AppData\Local\Programs\MiKTeX 2.9\tex\generic\pgf\ba
siclayer\pgfcorepatterns.code.tex"
File: pgfcorepatterns.code.tex 2013/11/07  (rcs-revision 1.5)
)))
("C:\Users\AVILASH MOHANTY\AppData\Local\Programs\MiKTeX 2.9\tex\generic\pgf\mo
dules\pgfmoduleshapes.code.tex"
File: pgfmoduleshapes.code.tex 2014/03/21  (rcs-revision 1.35)
\pgfnodeparttextbox=\box35
)
("C:\Users\AVILASH MOHANTY\AppData\Local\Programs\MiKTeX 2.9\tex\generic\pgf\mo
dules\pgfmoduleplot.code.tex"
File: pgfmoduleplot.code.tex 2015/08/03  (rcs-revision 1.13)
)
("C:\Users\AVILASH MOHANTY\AppData\Local\Programs\MiKTeX 2.9\tex\latex\pgf\comp
atibility\pgfcomp-version-0-65.sty"
Package: pgfcomp-version-0-65 2007/07/03 v3.0.1a (rcs-revision 1.7)
\pgf@nodesepstart=\dimen158
\pgf@nodesepend=\dimen159
)
("C:\Users\AVILASH MOHANTY\AppData\Local\Programs\MiKTeX 2.9\tex\latex\pgf\comp
atibility\pgfcomp-version-1-18.sty"
Package: pgfcomp-version-1-18 2007/07/23 v3.0.1a (rcs-revision 1.1)
))
("C:\Users\AVILASH MOHANTY\AppData\Local\Programs\MiKTeX 2.9\tex\latex\tools\ve
rbatim.sty"
Package: verbatim 2014/10/28 v1.5q LaTeX2e package for verbatim enhancements
\every@verbatim=\toks30
\verbatim@line=\toks31
\verbatim@in@stream=\read2
)
("C:\Users\AVILASH MOHANTY\AppData\Local\Programs\MiKTeX 2.9\tex\latex\environ\
environ.sty"
Package: environ 2014/05/04 v0.3 A new way to define environments

("C:\Users\AVILASH MOHANTY\AppData\Local\Programs\MiKTeX 2.9\tex\latex\trimspac
es\trimspaces.sty"
Package: trimspaces 2009/09/17 v1.1 Trim spaces around a token list
)
\@envbody=\toks32
)
("C:\Users\AVILASH MOHANTY\AppData\Local\Programs\MiKTeX 2.9\tex\latex\etoolbox
\etoolbox.sty"
Package: etoolbox 2015/08/02 v2.2a e-TeX tools for LaTeX (JAW)
\etb@tempcnta=\count137
)
\tcb@titlebox=\box36
\tcb@upperbox=\box37
\tcb@lowerbox=\box38
\tcb@phantombox=\box39
\c@tcbbreakpart=\count138
\c@tcblayer=\count139
\tcolorbox@number=\count140
\tcb@temp=\box40
\tcb@temp=\box41
\tcb@temp=\box42
\tcb@temp=\box43
\tcb@out=\write4
\tcb@record@out=\write5

("C:\Users\AVILASH MOHANTY\AppData\Local\Programs\MiKTeX 2.9\tex\latex\tcolorbo
x\tcbraster.code.tex"
Library (tcolorbox): 'tcbraster.code.tex' version '3.94'
\c@tcbrastercolumn=\count141
\c@tcbrasterrow=\count142
\c@tcbraster=\count143
)
("C:\Users\AVILASH MOHANTY\AppData\Local\Programs\MiKTeX 2.9\tex\latex\tcolorbo
x\tcbskins.code.tex"
Library (tcolorbox): 'tcbskins.code.tex' version '3.94'

("C:\Users\AVILASH MOHANTY\AppData\Local\Programs\MiKTeX 2.9\tex\latex\pgf\fron
tendlayer\tikz.sty"
("C:\Users\AVILASH MOHANTY\AppData\Local\Programs\MiKTeX 2.9\tex\latex\pgf\util
ities\pgffor.sty"
("C:\Users\AVILASH MOHANTY\AppData\Local\Programs\MiKTeX 2.9\tex\latex\pgf\util
ities\pgfkeys.sty"
("C:\Users\AVILASH MOHANTY\AppData\Local\Programs\MiKTeX 2.9\tex\generic\pgf\ut
ilities\pgfkeys.code.tex"))
("C:\Users\AVILASH MOHANTY\AppData\Local\Programs\MiKTeX 2.9\tex\latex\pgf\math
\pgfmath.sty"
("C:\Users\AVILASH MOHANTY\AppData\Local\Programs\MiKTeX 2.9\tex\generic\pgf\ma
th\pgfmath.code.tex"))
("C:\Users\AVILASH MOHANTY\AppData\Local\Programs\MiKTeX 2.9\tex\generic\pgf\ut
ilities\pgffor.code.tex"
Package: pgffor 2013/12/13 v3.0.1a (rcs-revision 1.25)

("C:\Users\AVILASH MOHANTY\AppData\Local\Programs\MiKTeX 2.9\tex\generic\pgf\ma
th\pgfmath.code.tex")
\pgffor@iter=\dimen160
\pgffor@skip=\dimen161
\pgffor@stack=\toks33
\pgffor@toks=\toks34
))
("C:\Users\AVILASH MOHANTY\AppData\Local\Programs\MiKTeX 2.9\tex\generic\pgf\fr
ontendlayer\tikz\tikz.code.tex"
Package: tikz 2015/08/07 v3.0.1a (rcs-revision 1.151)

("C:\Users\AVILASH MOHANTY\AppData\Local\Programs\MiKTeX 2.9\tex\generic\pgf\li
braries\pgflibraryplothandlers.code.tex"
File: pgflibraryplothandlers.code.tex 2013/08/31 v3.0.1a (rcs-revision 1.20)
\pgf@plot@mark@count=\count144
\pgfplotmarksize=\dimen162
)
\tikz@lastx=\dimen163
\tikz@lasty=\dimen164
\tikz@lastxsaved=\dimen165
\tikz@lastysaved=\dimen166
\tikzleveldistance=\dimen167
\tikzsiblingdistance=\dimen168
\tikz@figbox=\box44
\tikz@figbox@bg=\box45
\tikz@tempbox=\box46
\tikz@tempbox@bg=\box47
\tikztreelevel=\count145
\tikznumberofchildren=\count146
\tikznumberofcurrentchild=\count147
\tikz@fig@count=\count148

("C:\Users\AVILASH MOHANTY\AppData\Local\Programs\MiKTeX 2.9\tex\generic\pgf\mo
dules\pgfmodulematrix.code.tex"
File: pgfmodulematrix.code.tex 2013/09/17  (rcs-revision 1.8)
\pgfmatrixcurrentrow=\count149
\pgfmatrixcurrentcolumn=\count150
\pgf@matrix@numberofcolumns=\count151
)
\tikz@expandcount=\count152

("C:\Users\AVILASH MOHANTY\AppData\Local\Programs\MiKTeX 2.9\tex\generic\pgf\fr
ontendlayer\tikz\libraries\tikzlibrarytopaths.code.tex"
File: tikzlibrarytopaths.code.tex 2008/06/17 v3.0.1a (rcs-revision 1.2)
)))
\tcb@waterbox=\box48

("C:\Users\AVILASH MOHANTY\AppData\Local\Programs\MiKTeX 2.9\tex\latex\tcolorbo
x\tcbskinsjigsaw.code.tex"
Library (tcolorbox): 'tcbskinsjigsaw.code.tex' version '3.94'
))
("C:\Users\AVILASH MOHANTY\AppData\Local\Programs\MiKTeX 2.9\tex\latex\tcolorbo
x\tcbbreakable.code.tex"
Library (tcolorbox): 'tcbbreakable.code.tex' version '3.94'
\tcb@testbox=\box49
\tcb@totalupperbox=\box50
\tcb@totallowerbox=\box51
)
("C:\Users\AVILASH MOHANTY\AppData\Local\Programs\MiKTeX 2.9\tex\latex\tcolorbo
x\tcbhooks.code.tex"
Library (tcolorbox): 'tcbhooks.code.tex' version '3.94'
)
("C:\Users\AVILASH MOHANTY\AppData\Local\Programs\MiKTeX 2.9\tex\latex\tcolorbo
x\tcbtheorems.code.tex"
Library (tcolorbox): 'tcbtheorems.code.tex' version '3.94'

("C:\Users\AVILASH MOHANTY\AppData\Local\Programs\MiKTeX 2.9\tex\latex\amsmath\
amsmath.sty"
Package: amsmath 2013/01/14 v2.14 AMS math features
\@mathmargin=\skip60

For additional information on amsmath, use the `?' option.

("C:\Users\AVILASH MOHANTY\AppData\Local\Programs\MiKTeX 2.9\tex\latex\amsmath\
amstext.sty"
Package: amstext 2000/06/29 v2.01

("C:\Users\AVILASH MOHANTY\AppData\Local\Programs\MiKTeX 2.9\tex\latex\amsmath\
amsgen.sty"
File: amsgen.sty 1999/11/30 v2.0
\@emptytoks=\toks35
\ex@=\dimen169
))
("C:\Users\AVILASH MOHANTY\AppData\Local\Programs\MiKTeX 2.9\tex\latex\amsmath\
amsbsy.sty"
Package: amsbsy 1999/11/29 v1.2d
\pmbraise@=\dimen170
)
("C:\Users\AVILASH MOHANTY\AppData\Local\Programs\MiKTeX 2.9\tex\latex\amsmath\
amsopn.sty"
Package: amsopn 1999/12/14 v2.01 operator names
)
\inf@bad=\count153
LaTeX Info: Redefining \frac on input line 210.
\uproot@=\count154
\leftroot@=\count155
LaTeX Info: Redefining \overline on input line 306.
\classnum@=\count156
\DOTSCASE@=\count157
LaTeX Info: Redefining \ldots on input line 378.
LaTeX Info: Redefining \dots on input line 381.
LaTeX Info: Redefining \cdots on input line 466.
\Mathstrutbox@=\box52
\strutbox@=\box53
\big@size=\dimen171
LaTeX Font Info:    Redeclaring font encoding OML on input line 566.
LaTeX Font Info:    Redeclaring font encoding OMS on input line 567.
\macc@depth=\count158
\c@MaxMatrixCols=\count159
\dotsspace@=\muskip11
\c@parentequation=\count160
\dspbrk@lvl=\count161
\tag@help=\toks36
\row@=\count162
\column@=\count163
\maxfields@=\count164
\andhelp@=\toks37
\eqnshift@=\dimen172
\alignsep@=\dimen173
\tagshift@=\dimen174
\tagwidth@=\dimen175
\totwidth@=\dimen176
\lineht@=\dimen177
\@envbody=\toks38
\multlinegap=\skip61
\multlinetaggap=\skip62
\mathdisplay@stack=\toks39
LaTeX Info: Redefining \[ on input line 2665.
LaTeX Info: Redefining \] on input line 2666.
))
("C:\Users\AVILASH MOHANTY\AppData\Local\Programs\MiKTeX 2.9\tex\latex\tcolorbo
x\tcbfitting.code.tex"
Library (tcolorbox): 'tcbfitting.code.tex' version '3.94'
\tcbfitdim=\dimen178
\tcb@lowerfitdim=\dimen179
\tcb@upperfitdim=\dimen180
\tcb@cur@hbadness=\count165
)
("C:\Users\AVILASH MOHANTY\AppData\Local\Programs\MiKTeX 2.9\tex\latex\tcolorbo
x\tcbxparse.code.tex"
Library (tcolorbox): 'tcbxparse.code.tex' version '3.94'

("C:\Users\AVILASH MOHANTY\AppData\Local\Programs\MiKTeX 2.9\tex\latex\l3packag
es\xparse\xparse.sty"
("C:\Users\AVILASH MOHANTY\AppData\Local\Programs\MiKTeX 2.9\tex\latex\l3kernel
\expl3.sty"
Package: expl3 2016/05/18 v6512 L3 programming layer (loader) 

("C:\Users\AVILASH MOHANTY\AppData\Local\Programs\MiKTeX 2.9\tex\latex\l3kernel
\expl3-code.tex"
Package: expl3 2016/05/18 v6512 L3 programming layer (code)
L3 Module: l3bootstrap 2016/02/12 v6412 L3 Bootstrap code
L3 Module: l3names 2016/03/11 v6433 L3 Namespace for primitives
L3 Module: l3basics 2015/11/22 v6315 L3 Basic definitions
L3 Module: l3expan 2015/09/10 v5983 L3 Argument expansion
L3 Module: l3tl 2016/03/26 v6465 L3 Token lists
L3 Module: l3str 2016/03/24 v6441 L3 Strings
L3 Module: l3seq 2015/08/05 v5777 L3 Sequences and stacks
L3 Module: l3int 2016/03/24 v6441 L3 Integers
\c_max_int=\count166
\l_tmpa_int=\count167
\l_tmpb_int=\count168
\g_tmpa_int=\count169
\g_tmpb_int=\count170
L3 Module: l3quark 2015/08/17 v5855 L3 Quarks
L3 Module: l3prg 2015/11/01 v6216 L3 Control structures
\g__prg_map_int=\count171
L3 Module: l3clist 2015/09/02 v5901 L3 Comma separated lists
L3 Module: l3token 2016/04/03 v6470 L3 Experimental token manipulation
L3 Module: l3prop 2016/01/05 v6366 L3 Property lists
L3 Module: l3msg 2016/03/26 v6464 L3 Messages
L3 Module: l3file 2016/03/25 v6458 L3 File and I/O operations
\l_iow_line_count_int=\count172
\l__iow_target_count_int=\count173
\l__iow_current_line_int=\count174
\l__iow_current_word_int=\count175
\l__iow_current_indentation_int=\count176
L3 Module: l3skip 2016/01/05 v6366 L3 Dimensions and skips
\c_zero_dim=\dimen181
\c_max_dim=\dimen182
\l_tmpa_dim=\dimen183
\l_tmpb_dim=\dimen184
\g_tmpa_dim=\dimen185
\g_tmpb_dim=\dimen186
\c_zero_skip=\skip63
\c_max_skip=\skip64
\l_tmpa_skip=\skip65
\l_tmpb_skip=\skip66
\g_tmpa_skip=\skip67
\g_tmpb_skip=\skip68
\c_zero_muskip=\muskip12
\c_max_muskip=\muskip13
\l_tmpa_muskip=\muskip14
\l_tmpb_muskip=\muskip15
\g_tmpa_muskip=\muskip16
\g_tmpb_muskip=\muskip17
L3 Module: l3keys 2015/11/17 v6284 L3 Key-value interfaces
\g__keyval_level_int=\count177
\l_keys_choice_int=\count178
L3 Module: l3fp 2016/03/26 v6465 L3 Floating points
\c__fp_leading_shift_int=\count179
\c__fp_middle_shift_int=\count180
\c__fp_trailing_shift_int=\count181
\c__fp_big_leading_shift_int=\count182
\c__fp_big_middle_shift_int=\count183
\c__fp_big_trailing_shift_int=\count184
\c__fp_Bigg_leading_shift_int=\count185
\c__fp_Bigg_middle_shift_int=\count186
\c__fp_Bigg_trailing_shift_int=\count187
L3 Module: l3box 2015/08/09 v5822 L3 Experimental boxes
\c_empty_box=\box54
\l_tmpa_box=\box55
\l_tmpb_box=\box56
\g_tmpa_box=\box57
\g_tmpb_box=\box58
L3 Module: l3coffins 2016/05/17 v6508 L3 Coffin code layer
\l__coffin_internal_box=\box59
\l__coffin_internal_dim=\dimen187
\l__coffin_offset_x_dim=\dimen188
\l__coffin_offset_y_dim=\dimen189
\l__coffin_x_dim=\dimen190
\l__coffin_y_dim=\dimen191
\l__coffin_x_prime_dim=\dimen192
\l__coffin_y_prime_dim=\dimen193
\c_empty_coffin=\box60
\l__coffin_aligned_coffin=\box61
\l__coffin_aligned_internal_coffin=\box62
\l_tmpa_coffin=\box63
\l_tmpb_coffin=\box64
\l__coffin_display_coffin=\box65
\l__coffin_display_coord_coffin=\box66
\l__coffin_display_pole_coffin=\box67
\l__coffin_display_offset_dim=\dimen194
\l__coffin_display_x_dim=\dimen195
\l__coffin_display_y_dim=\dimen196
L3 Module: l3color 2014/08/23 v5354 L3 Experimental color support
L3 Module: l3sys 2015/09/25 v6087 L3 Experimental system/runtime functions
L3 Module: l3candidates 2016/05/13 v6484 L3 Experimental additions to l3kernel
\l__box_top_dim=\dimen197
\l__box_bottom_dim=\dimen198
\l__box_left_dim=\dimen199
\l__box_right_dim=\dimen256
\l__box_top_new_dim=\dimen257
\l__box_bottom_new_dim=\dimen258
\l__box_left_new_dim=\dimen259
\l__box_right_new_dim=\dimen260
\l__box_internal_box=\box68
\l__coffin_bounding_shift_dim=\dimen261
\l__coffin_left_corner_dim=\dimen262
\l__coffin_right_corner_dim=\dimen263
\l__coffin_bottom_corner_dim=\dimen264
\l__coffin_top_corner_dim=\dimen265
\l__coffin_scaled_total_height_dim=\dimen266
\l__coffin_scaled_width_dim=\dimen267
L3 Module: l3luatex 2016/03/26 v6465 L3 Experimental LuaTeX-specific functions
)
("C:\Users\AVILASH MOHANTY\AppData\Local\Programs\MiKTeX 2.9\tex\latex\l3kernel
\l3pdfmode.def"
File: l3pdfmode.def 2016/03/26 v6465 L3 Experimental driver: PDF mode
\l__driver_color_stack_int=\count188
\l__driver_tmp_box=\box69
))
Package: xparse 2016/05/18 v6512 L3 Experimental document command parser
\l__xparse_current_arg_int=\count189
\l__xparse_m_args_int=\count190
\l__xparse_mandatory_args_int=\count191
\l__xparse_processor_int=\count192
\l__xparse_v_nesting_int=\count193
)
.................................................
. LaTeX info: "xparse/define-command"
. 
. Defining command \tcboxverb with sig. ' O{} v ' on line 128.
.................................................
.................................................
. LaTeX info: "xparse/define-command"
. 
. Defining command \tcbsidebyside with sig. ' +O{} +m +m ' on line 280.
.................................................
)
("C:\Users\AVILASH MOHANTY\AppData\Local\Programs\MiKTeX 2.9\tex\latex\tcolorbo
x\tcblistingsutf8.code.tex"
Library (tcolorbox): 'tcblistingsutf8.code.tex' version '3.94'

("C:\Users\AVILASH MOHANTY\AppData\Local\Programs\MiKTeX 2.9\tex\latex\oberdiek
\listingsutf8.sty"
Package: listingsutf8 2011/11/10 v1.2 Allow UTF-8 in listings input (HO)

("C:\Users\AVILASH MOHANTY\AppData\Local\Programs\MiKTeX 2.9\tex\latex\listings
\listings.sty"
\lst@mode=\count194
\lst@gtempboxa=\box70
\lst@token=\toks40
\lst@length=\count195
\lst@currlwidth=\dimen268
\lst@column=\count196
\lst@pos=\count197
\lst@lostspace=\dimen269
\lst@width=\dimen270
\lst@newlines=\count198
\lst@lineno=\count199
\lst@maxwidth=\dimen271

("C:\Users\AVILASH MOHANTY\AppData\Local\Programs\MiKTeX 2.9\tex\latex\listings
\lstmisc.sty"
File: lstmisc.sty 2015/06/04 1.6 (Carsten Heinz)
\c@lstnumber=\count266
\lst@skipnumbers=\count267
\lst@framebox=\box71
)
("C:\Users\AVILASH MOHANTY\AppData\Local\Programs\MiKTeX 2.9\tex\latex\listings
\listings.cfg"
File: listings.cfg 2015/06/04 1.6 listings configuration
))
Package: listings 2015/06/04 1.6 (Carsten Heinz)

("C:\Users\AVILASH MOHANTY\AppData\Local\Programs\MiKTeX 2.9\tex\generic\oberdi
ek\stringenc.sty"
Package: stringenc 2011/12/02 v1.10 Convert strings between diff. encodings (HO
)
))
("C:\Users\AVILASH MOHANTY\AppData\Local\Programs\MiKTeX 2.9\tex\latex\tcolorbo
x\tcblistings.code.tex"
Library (tcolorbox): 'tcblistings.code.tex' version '3.94'

("C:\Users\AVILASH MOHANTY\AppData\Local\Programs\MiKTeX 2.9\tex\latex\tcolorbo
x\tcblistingscore.code.tex"
Library (tcolorbox): 'tcblistingscore.code.tex' version '3.94'

("C:\Users\AVILASH MOHANTY\AppData\Local\Programs\MiKTeX 2.9\tex\latex\tcolorbo
x\tcbprocessing.code.tex"
Library (tcolorbox): 'tcbprocessing.code.tex' version '3.94'

("C:\Users\AVILASH MOHANTY\AppData\Local\Programs\MiKTeX 2.9\tex\latex\tools\sh
ellesc.sty"
Package: shellesc 2016/06/07 v0.02a unified shell escape interface for LaTeX
Package shellesc Info: Restricted shell escape enabled on input line 69.
))
\c@tcblisting=\count268
)))
("C:\Users\AVILASH MOHANTY\AppData\Local\Programs\MiKTeX 2.9\tex\latex\tcolorbo
x\tcbexternal.code.tex"
Library (tcolorbox): 'tcbexternal.code.tex' version '3.94'
)
("C:\Users\AVILASH MOHANTY\AppData\Local\Programs\MiKTeX 2.9\tex\latex\tcolorbo
x\tcbmagazine.code.tex"
Library (tcolorbox): 'tcbmagazine.code.tex' version '3.94'
)
("C:\Users\AVILASH MOHANTY\AppData\Local\Programs\MiKTeX 2.9\tex\latex\tcolorbo
x\tcbvignette.code.tex"
Library (tcolorbox): 'tcbvignette.code.tex' version '3.94'

("C:\Users\AVILASH MOHANTY\AppData\Local\Programs\MiKTeX 2.9\tex\generic\pgf\fr
ontendlayer\tikz\libraries\tikzlibraryfadings.code.tex"
File: tikzlibraryfadings.code.tex 2009/11/15 v3.0.1a (rcs-revision 1.2)

("C:\Users\AVILASH MOHANTY\AppData\Local\Programs\MiKTeX 2.9\tex\generic\pgf\li
braries\pgflibraryfadings.code.tex"
File: pgflibraryfadings.code.tex 2008/02/07 v3.0.1a (rcs-revision 1.3)
))))
("C:\Users\AVILASH MOHANTY\AppData\Local\Programs\MiKTeX 2.9\tex\latex\marginno
te\marginnote.sty"
Package: marginnote 2016/06/02 v1.2 non floating margin notes for LaTeX
\c@mn@abspage=\count269
)
("C:\Users\AVILASH MOHANTY\AppData\Local\Programs\MiKTeX 2.9\tex\latex\backgrou
nd\background.sty"
Package: background 2014/03/04 v2.1 background material

("C:\Users\AVILASH MOHANTY\AppData\Local\Programs\MiKTeX 2.9\tex\latex\xkeyval\
xkeyval.sty"
Package: xkeyval 2014/12/03 v2.7a package option processing (HA)

("C:\Users\AVILASH MOHANTY\AppData\Local\Programs\MiKTeX 2.9\tex\generic\xkeyva
l\xkeyval.tex"
("C:\Users\AVILASH MOHANTY\AppData\Local\Programs\MiKTeX 2.9\tex\generic\xkeyva
l\xkvutils.tex"
\XKV@toks=\toks41
\XKV@tempa@toks=\toks42
)
\XKV@depth=\count270
File: xkeyval.tex 2014/12/03 v2.7a key=value parser (HA)
))
("C:\Users\AVILASH MOHANTY\AppData\Local\Programs\MiKTeX 2.9\tex\latex\everypag
e\everypage.sty"
Package: everypage 2007/06/20 1.1 Hooks to run on every page
)
("C:\Users\AVILASH MOHANTY\AppData\Local\Programs\MiKTeX 2.9\tex\latex\tools\af
terpage.sty"
Package: afterpage 2014/10/28 v1.08 After-Page Package (DPC)
\AP@output=\toks43
\AP@partial=\box72
\AP@footins=\box73
))
("C:\Users\AVILASH MOHANTY\AppData\Local\Programs\MiKTeX 2.9\tex\latex\soul\sou
l.sty"
Package: soul 2003/11/17 v2.4 letterspacing/underlining (mf)
\SOUL@word=\toks44
\SOUL@lasttoken=\toks45
\SOUL@cmds=\toks46
\SOUL@buffer=\toks47
\SOUL@token=\toks48
\SOUL@spaceskip=\skip69
\SOUL@ttwidth=\dimen272
\SOUL@uldp=\dimen273
\SOUL@ulht=\dimen274
) (report_eYSIP.aux)
\openout1 = `report_eYSIP.aux'.

LaTeX Font Info:    Checking defaults for OML/cmm/m/it on input line 75.
LaTeX Font Info:    ... okay on input line 75.
LaTeX Font Info:    Checking defaults for T1/cmr/m/n on input line 75.
LaTeX Font Info:    ... okay on input line 75.
LaTeX Font Info:    Checking defaults for OT1/cmr/m/n on input line 75.
LaTeX Font Info:    ... okay on input line 75.
LaTeX Font Info:    Checking defaults for OMS/cmsy/m/n on input line 75.
LaTeX Font Info:    ... okay on input line 75.
LaTeX Font Info:    Checking defaults for OMX/cmex/m/n on input line 75.
LaTeX Font Info:    ... okay on input line 75.
LaTeX Font Info:    Checking defaults for U/cmr/m/n on input line 75.
LaTeX Font Info:    ... okay on input line 75.
LaTeX Font Info:    Checking defaults for PD1/pdf/m/n on input line 75.
LaTeX Font Info:    ... okay on input line 75.
\AtBeginShipoutBox=\box74
Package hyperref Info: Link coloring ON on input line 75.

("C:\Users\AVILASH MOHANTY\AppData\Local\Programs\MiKTeX 2.9\tex\latex\hyperref
\nameref.sty"
Package: nameref 2012/10/27 v2.43 Cross-referencing by name of section

("C:\Users\AVILASH MOHANTY\AppData\Local\Programs\MiKTeX 2.9\tex\generic\oberdi
ek\gettitlestring.sty"
Package: gettitlestring 2010/12/03 v1.4 Cleanup title references (HO)
)
\c@section@level=\count271
)
LaTeX Info: Redefining \ref on input line 75.
LaTeX Info: Redefining \pageref on input line 75.
LaTeX Info: Redefining \nameref on input line 75.
 (report_eYSIP.out) (report_eYSIP.out)
\@outlinefile=\write6
\openout6 = `report_eYSIP.out'.

Package caption Info: Begin \AtBeginDocument code.
Package caption Info: subfig package v1.3 is loaded.
Package caption Info: listings package is loaded.
Package caption Info: End \AtBeginDocument code.

ABD: EveryShipout initializing macros
("C:\Users\AVILASH MOHANTY\AppData\Local\Programs\MiKTeX 2.9\tex\context\base\s
upp-pdf.mkii"
[Loading MPS to PDF converter (version 2006.09.02).]
\scratchcounter=\count272
\scratchdimen=\dimen275
\scratchbox=\box75
\nofMPsegments=\count273
\nofMParguments=\count274
\everyMPshowfont=\toks49
\MPscratchCnt=\count275
\MPscratchDim=\dimen276
\MPnumerator=\count276
\makeMPintoPDFobject=\count277
\everyMPtoPDFconversion=\toks50
)
\c@lstlisting=\count278
Package marginnote Info: \pdfoutput not 0 or unimportant and
(marginnote)             \pdflastxpos or \lastxpos available.
(marginnote)             Extended position detection mode activated.
 <logo.png, id=102, 123.46124pt x 131.49126pt>
File: logo.png Graphic file (type png)
 <use logo.png>
Package pdftex.def Info: logo.png used on input line 128.
(pdftex.def)             Requested size: 123.46092pt x 131.49092pt.
 [1


{C:/Users/AVILASH MOHANTY/AppData/Local/MiKTeX/2.9/pdftex/config/pdftex.map} <.
/logo.png>]
(report_eYSIP.toc
Overfull \hbox (12.63686pt too wide) in paragraph at lines 2--2
  [][][]\OT1/cmr/bx/n/12 GREENHOUSE POWER MON-I-TOR-ING AND AP-PLI-ANCE 
 []

)
\tf@toc=\write7
\openout7 = `report_eYSIP.toc'.

File: logo.png Graphic file (type png)
 <use logo.png>
Package pdftex.def Info: logo.png used on input line 133.
(pdftex.def)             Requested size: 123.46092pt x 131.49092pt.
pdfTeX warning (ext4): destination with the same identifier (name{page.1}) has 
been already used, duplicate ignored
<to be read again> 
                   \relax 
l.133 \chapter
              [GREENHOUSE POWER MONITORING AND APPLIANCE CONTROL]{Greenhouse...
[1

]
Chapter 1.

Overfull \hbox (29.50165pt too wide) in paragraph at lines 133--133
|[]\OT1/cmr/bx/n/24.88 Greenhouse Power Mon-i-tor-ing and
 []


Underfull \hbox (badness 10000) in paragraph at lines 135--136

 []


Underfull \hbox (badness 10000) in paragraph at lines 137--138

 []

File: logo.png Graphic file (type png)
<use logo.png>
Package pdftex.def Info: logo.png used on input line 139.
(pdftex.def)             Requested size: 123.46092pt x 131.49092pt.
 [2

]
LaTeX Font Info:    Try loading font information for OMS+cmr on input line 143.


("C:\Users\AVILASH MOHANTY\AppData\Local\Programs\MiKTeX 2.9\tex\latex\base\oms
cmr.fd"
File: omscmr.fd 2014/09/29 v2.5h Standard LaTeX font definitions
)
LaTeX Font Info:    Font shape `OMS/cmr/m/n' in size <12> not available
(Font)              Font shape `OMS/cmsy/m/n' tried instead on input line 143.

Overfull \hbox (2.33757pt too wide) in paragraph at lines 147--148
[]\OT1/cmr/m/n/12 Developing a Cir-cuit to mea-sure Cur-rent,Voltage,Phase,Freq
uency. 
 []

File: logo.png Graphic file (type png)
<use logo.png>
Package pdftex.def Info: logo.png used on input line 169.
(pdftex.def)             Requested size: 123.46092pt x 131.49092pt.
File: logo.png Graphic file (type png)
 <use logo.png>
Package pdftex.def Info: logo.png used on input line 169.
(pdftex.def)             Requested size: 28.45274pt x 30.30254pt.


Package Fancyhdr Warning: \headheight is too small (26.0pt): 
 Make it at least 34.65257pt.
 We now make it that large for the rest of the document.
 This may cause the page layout to be inconsistent, however.

[3]
Underfull \hbox (badness 10000) in paragraph at lines 172--173

 []


Overfull \hbox (1.00105pt too wide) in paragraph at lines 174--194
[][]  
 []

File: logo.png Graphic file (type png)
<use logo.png>
Package pdftex.def Info: logo.png used on input line 205.
(pdftex.def)             Requested size: 123.46092pt x 131.49092pt.
File: logo.png Graphic file (type png)
 <use logo.png>
Package pdftex.def Info: logo.png used on input line 205.
(pdftex.def)             Requested size: 28.45274pt x 30.30254pt.
 [4]
<connection.png, id=179, 1126.2075pt x 761.84625pt>
File: connection.png Graphic file (type png)
 <use connection.png>
Package pdftex.def Info: connection.png used on input line 208.
(pdftex.def)             Requested size: 391.46393pt x 264.81346pt.

Overfull \hbox (1.46393pt too wide) in paragraph at lines 208--209
[][] 
 []

File: logo.png Graphic file (type png)
<use logo.png>
Package pdftex.def Info: logo.png used on input line 225.
(pdftex.def)             Requested size: 123.46092pt x 131.49092pt.
File: logo.png Graphic file (type png)
 <use logo.png>
Package pdftex.def Info: logo.png used on input line 225.
(pdftex.def)             Requested size: 28.45274pt x 30.30254pt.
 [5 <./connection.png>]
<inst1.jpg, id=190, 738.50906pt x 447.92343pt>
File: inst1.jpg Graphic file (type jpg)
 <use inst1.jpg>
Package pdftex.def Info: inst1.jpg used on input line 235.
(pdftex.def)             Requested size: 301.1261pt x 182.63824pt.

<inst2.jpg, id=191, 591.71063pt x 431.36156pt>
File: inst2.jpg Graphic file (type jpg)
 <use inst2.jpg>
Package pdftex.def Info: inst2.jpg used on input line 240.
(pdftex.def)             Requested size: 301.1261pt x 219.53073pt.
File: logo.png Graphic file (type png)
 <use logo.png>
Package pdftex.def Info: logo.png used on input line 242.
(pdftex.def)             Requested size: 123.46092pt x 131.49092pt.
File: logo.png Graphic file (type png)

<use logo.png>
Package pdftex.def Info: logo.png used on input line 242.
(pdftex.def)             Requested size: 28.45274pt x 30.30254pt.
 [6 <./inst1.jpg> <./inst2.jpg>]
<inst3.jpg, id=201, 550.30594pt x 359.84438pt>
File: inst3.jpg Graphic file (type jpg)
 <use inst3.jpg>
Package pdftex.def Info: inst3.jpg used on input line 246.
(pdftex.def)             Requested size: 301.1261pt x 196.9102pt.

<inst4.jpg, id=202, 465.23813pt x 404.26031pt>
File: inst4.jpg Graphic file (type jpg)
 <use inst4.jpg>
Package pdftex.def Info: inst4.jpg used on input line 251.
(pdftex.def)             Requested size: 250.93842pt x 218.0444pt.
File: logo.png Graphic file (type png)
 <use logo.png>
Package pdftex.def Info: logo.png used on input line 253.
(pdftex.def)             Requested size: 123.46092pt x 131.49092pt.
File: logo.png Graphic file (type png)

<use logo.png>
Package pdftex.def Info: logo.png used on input line 253.
(pdftex.def)             Requested size: 28.45274pt x 30.30254pt.
 [7 <./inst3.jpg> <./inst4.jpg>]
<inst5.jpg, id=211, 730.98094pt x 439.6425pt>
File: inst5.jpg Graphic file (type jpg)
 <use inst5.jpg>
Package pdftex.def Info: inst5.jpg used on input line 261.
(pdftex.def)             Requested size: 301.1261pt x 181.10655pt.

<inst6.jpg, id=212, 609.77812pt x 334.24875pt>
File: inst6.jpg Graphic file (type jpg)
 <use inst6.jpg>
Package pdftex.def Info: inst6.jpg used on input line 267.
(pdftex.def)             Requested size: 301.1261pt x 165.06857pt.
File: logo.png Graphic file (type png)
 <use logo.png>
Package pdftex.def Info: logo.png used on input line 269.
(pdftex.def)             Requested size: 123.46092pt x 131.49092pt.
File: logo.png Graphic file (type png)

<use logo.png>
Package pdftex.def Info: logo.png used on input line 269.
(pdftex.def)             Requested size: 28.45274pt x 30.30254pt.
 [8 <./inst5.jpg> <./inst6.jpg>]
<inst7.jpg, id=220, 614.295pt x 356.0803pt>
File: inst7.jpg Graphic file (type jpg)
 <use inst7.jpg>
Package pdftex.def Info: inst7.jpg used on input line 273.
(pdftex.def)             Requested size: 301.1261pt x 174.55151pt.

<inst8.jpg, id=221, 606.76688pt x 472.76625pt>
File: inst8.jpg Graphic file (type jpg)
 <use inst8.jpg>
Package pdftex.def Info: inst8.jpg used on input line 278.
(pdftex.def)             Requested size: 301.1261pt x 234.62958pt.
File: logo.png Graphic file (type png)
 <use logo.png>
Package pdftex.def Info: logo.png used on input line 281.
(pdftex.def)             Requested size: 123.46092pt x 131.49092pt.
File: logo.png Graphic file (type png)

<use logo.png>
Package pdftex.def Info: logo.png used on input line 281.
(pdftex.def)             Requested size: 28.45274pt x 30.30254pt.
 [9 <./inst7.jpg> <./inst8.jpg>]
<inst9.jpg, id=230, 490.83376pt x 277.78781pt>
File: inst9.jpg Graphic file (type jpg)
 <use inst9.jpg>
Package pdftex.def Info: inst9.jpg used on input line 289.
(pdftex.def)             Requested size: 301.1261pt x 170.42944pt.

<inst10.jpg, id=231, 541.27219pt x 356.83313pt>
File: inst10.jpg Graphic file (type jpg)
 <use inst10.jpg>
Package pdftex.def Info: inst10.jpg used on input line 294.
(pdftex.def)             Requested size: 301.1261pt x 198.52386pt.
File: logo.png Graphic file (type png)

<use logo.png>
Package pdftex.def Info: logo.png used on input line 296.
(pdftex.def)             Requested size: 123.46092pt x 131.49092pt.
File: logo.png Graphic file (type png)
 <use logo.png>
Package pdftex.def Info: logo.png used on input line 296.
(pdftex.def)             Requested size: 28.45274pt x 30.30254pt.
 [10 <./inst9.jpg> <./inst10.jpg>]
<inst11.jpg, id=240, 779.16093pt x 481.8pt>
File: inst11.jpg Graphic file (type jpg)
 <use inst11.jpg>
Package pdftex.def Info: inst11.jpg used on input line 300.
(pdftex.def)             Requested size: 301.1261pt x 186.203pt.

<inst12.jpg, id=241, 770.12718pt x 472.01344pt>
File: inst12.jpg Graphic file (type jpg)
 <use inst12.jpg>
Package pdftex.def Info: inst12.jpg used on input line 304.
(pdftex.def)             Requested size: 301.1261pt x 184.55984pt.
File: logo.png Graphic file (type png)

<use logo.png>
Package pdftex.def Info: logo.png used on input line 306.
(pdftex.def)             Requested size: 123.46092pt x 131.49092pt.
File: logo.png Graphic file (type png)
 <use logo.png>
Package pdftex.def Info: logo.png used on input line 306.
(pdftex.def)             Requested size: 28.45274pt x 30.30254pt.
 [11 <./inst11.jpg> <./inst12.jpg>]
<inst13.jpg, id=249, 761.09344pt x 423.83344pt>
File: inst13.jpg Graphic file (type jpg)
 <use inst13.jpg>
Package pdftex.def Info: inst13.jpg used on input line 310.
(pdftex.def)             Requested size: 301.1261pt x 167.69368pt.
File: logo.png Graphic file (type png)

<use logo.png>
Package pdftex.def Info: logo.png used on input line 313.
(pdftex.def)             Requested size: 123.46092pt x 131.49092pt.
File: logo.png Graphic file (type png)
 <use logo.png>
Package pdftex.def Info: logo.png used on input line 313.
(pdftex.def)             Requested size: 28.45274pt x 30.30254pt.
 [12 <./inst13.jpg>]
<inst14.jpg, id=258, 536.0025pt x 336.50719pt>
File: inst14.jpg Graphic file (type jpg)
 <use inst14.jpg>
Package pdftex.def Info: inst14.jpg used on input line 321.
(pdftex.def)             Requested size: 301.1261pt x 189.04861pt.

<inst15.jpg, id=259, 393.72093pt x 307.1475pt>
File: inst15.jpg Graphic file (type jpg)
 <use inst15.jpg>
Package pdftex.def Info: inst15.jpg used on input line 325.
(pdftex.def)             Requested size: 301.1261pt x 234.91083pt.
File: logo.png Graphic file (type png)
 <use logo.png>
Package pdftex.def Info: logo.png used on input line 328.
(pdftex.def)             Requested size: 123.46092pt x 131.49092pt.
File: logo.png Graphic file (type png)

<use logo.png>
Package pdftex.def Info: logo.png used on input line 328.
(pdftex.def)             Requested size: 28.45274pt x 30.30254pt.
 [13 <./inst14.jpg> <./inst15.jpg>]
File: inst14.jpg Graphic file (type jpg)
 <use inst14.jpg>
Package pdftex.def Info: inst14.jpg used on input line 337.
(pdftex.def)             Requested size: 301.1261pt x 189.04861pt.
File: inst15.jpg Graphic file (type jpg)

<use inst15.jpg>
Package pdftex.def Info: inst15.jpg used on input line 341.
(pdftex.def)             Requested size: 301.1261pt x 234.91083pt.
File: logo.png Graphic file (type png)
 <use logo.png>
Package pdftex.def Info: logo.png used on input line 344.
(pdftex.def)             Requested size: 123.46092pt x 131.49092pt.
File: logo.png Graphic file (type png)
 <use logo.png>
Package pdftex.def Info: logo.png used on input line 344.
(pdftex.def)             Requested size: 28.45274pt x 30.30254pt.
 [14]
<inst16.jpg, id=279, 529.22719pt x 455.45157pt>
File: inst16.jpg Graphic file (type jpg)
 <use inst16.jpg>
Package pdftex.def Info: inst16.jpg used on input line 350.
(pdftex.def)             Requested size: 271.01349pt x 233.23627pt.

<inst17.jpg, id=280, 532.99126pt x 370.38374pt>
File: inst17.jpg Graphic file (type jpg)
 <use inst17.jpg>
Package pdftex.def Info: inst17.jpg used on input line 354.
(pdftex.def)             Requested size: 271.01349pt x 188.3337pt.
File: logo.png Graphic file (type png)

<use logo.png>
Package pdftex.def Info: logo.png used on input line 356.
(pdftex.def)             Requested size: 123.46092pt x 131.49092pt.
File: logo.png Graphic file (type png)
 <use logo.png>
Package pdftex.def Info: logo.png used on input line 356.
(pdftex.def)             Requested size: 28.45274pt x 30.30254pt.
 [15 <./inst16.jpg> <./inst17.jpg>]
<xampp1.png, id=291, 469.00218pt x 392.21532pt>
File: xampp1.png Graphic file (type png)
 <use xampp1.png>
Package pdftex.def Info: xampp1.png used on input line 371.
(pdftex.def)             Requested size: 369.88582pt x 309.32603pt.

<xampp12.png, id=292, 466.74374pt x 389.95688pt>
File: xampp12.png Graphic file (type png)
 <use xampp12.png>
Package pdftex.def Info: xampp12.png used on input line 375.
(pdftex.def)             Requested size: 369.88582pt x 309.04434pt.

<xampp3.png, id=293, 532.99126pt x 347.04657pt>
File: xampp3.png Graphic file (type png)
 <use xampp3.png>
Package pdftex.def Info: xampp3.png used on input line 379.
(pdftex.def)             Requested size: 369.88582pt x 240.84981pt.
File: logo.png Graphic file (type png)

<use logo.png>
Package pdftex.def Info: logo.png used on input line 381.
(pdftex.def)             Requested size: 123.46092pt x 131.49092pt.
File: logo.png Graphic file (type png)
 <use logo.png>
Package pdftex.def Info: logo.png used on input line 381.
(pdftex.def)             Requested size: 28.45274pt x 30.30254pt.
 [16 <./xampp1.png>]
File: logo.png Graphic file (type png)
 <use logo.png>
Package pdftex.def Info: logo.png used on input line 382.
(pdftex.def)             Requested size: 123.46092pt x 131.49092pt.
File: logo.png Graphic file (type png)

<use logo.png>
Package pdftex.def Info: logo.png used on input line 382.
(pdftex.def)             Requested size: 28.45274pt x 30.30254pt.
 [17 <./xampp12.png>]
<httpconf2.png, id=316, 502.87875pt x 326.72063pt>
File: httpconf2.png Graphic file (type png)
 <use httpconf2.png>
Package pdftex.def Info: httpconf2.png used on input line 387.
(pdftex.def)             Requested size: 369.88582pt x 240.31375pt.
File: logo.png Graphic file (type png)

<use logo.png>
Package pdftex.def Info: logo.png used on input line 390.
(pdftex.def)             Requested size: 123.46092pt x 131.49092pt.
File: logo.png Graphic file (type png)
 <use logo.png>
Package pdftex.def Info: logo.png used on input line 390.
(pdftex.def)             Requested size: 28.45274pt x 30.30254pt.
 [18 <./xampp3.png>]
<override.png, id=325, 1028.34187pt x 548.0475pt>
File: override.png Graphic file (type png)
 <use override.png>
Package pdftex.def Info: override.png used on input line 393.
(pdftex.def)             Requested size: 369.88582pt x 197.1297pt.
File: logo.png Graphic file (type png)

<use logo.png>
Package pdftex.def Info: logo.png used on input line 401.
(pdftex.def)             Requested size: 123.46092pt x 131.49092pt.
File: logo.png Graphic file (type png)
 <use logo.png>
Package pdftex.def Info: logo.png used on input line 401.
(pdftex.def)             Requested size: 28.45274pt x 30.30254pt.
 [19 <./httpconf2.png> <./override.png>]
File: logo.png Graphic file (type png)

<use logo.png>
Package pdftex.def Info: logo.png used on input line 411.
(pdftex.def)             Requested size: 123.46092pt x 131.49092pt.
File: logo.png Graphic file (type png)
 <use logo.png>
Package pdftex.def Info: logo.png used on input line 411.
(pdftex.def)             Requested size: 28.45274pt x 30.30254pt.
 [20]
<schematic.jpg, id=346, 849.574pt x 413.545pt>
File: schematic.jpg Graphic file (type jpg)
 <use schematic.jpg>
Package pdftex.def Info: schematic.jpg used on input line 416.
(pdftex.def)             Requested size: 381.42325pt x 381.43777pt.
File: logo.png Graphic file (type png)

<use logo.png>
Package pdftex.def Info: logo.png used on input line 418.
(pdftex.def)             Requested size: 123.46092pt x 131.49092pt.
File: logo.png Graphic file (type png)
 <use logo.png>
Package pdftex.def Info: logo.png used on input line 418.
(pdftex.def)             Requested size: 28.45274pt x 30.30254pt.
 [21 <./schematic.jpg>]
<plug1.jpg, id=353, 4223.78pt x 3131.7pt>
File: plug1.jpg Graphic file (type jpg)
 <use plug1.jpg>
Package pdftex.def Info: plug1.jpg used on input line 423.
(pdftex.def)             Requested size: 301.1261pt x 223.2554pt.

<plug2.jpg, id=354, 4223.78pt x 3131.7pt>
File: plug2.jpg Graphic file (type jpg)
 <use plug2.jpg>
Package pdftex.def Info: plug2.jpg used on input line 424.
(pdftex.def)             Requested size: 301.1261pt x 223.2554pt.

Underfull \hbox (badness 10000) in paragraph at lines 423--425
[][]
 []

File: logo.png Graphic file (type png)
<use logo.png>
Package pdftex.def Info: logo.png used on input line 426.
(pdftex.def)             Requested size: 123.46092pt x 131.49092pt.
File: logo.png Graphic file (type png)
 <use logo.png>
Package pdftex.def Info: logo.png used on input line 426.
(pdftex.def)             Requested size: 28.45274pt x 30.30254pt.
 [22 <./plug1.jpg> <./plug2.jpg>]
<assem1.jpg, id=361, 4223.78pt x 3131.7pt>
File: assem1.jpg Graphic file (type jpg)
 <use assem1.jpg>
Package pdftex.def Info: assem1.jpg used on input line 430.
(pdftex.def)             Requested size: 401.45662pt x 200.74828pt.

Overfull \hbox (11.45662pt too wide) in paragraph at lines 430--431
[][] 
 []

<assem2.jpg, id=362, 4223.78pt x 3131.7pt>
File: assem2.jpg Graphic file (type jpg)
 <use assem2.jpg>
Package pdftex.def Info: assem2.jpg used on input line 435.
(pdftex.def)             Requested size: 401.45662pt x 200.74828pt.

Overfull \hbox (11.45662pt too wide) in paragraph at lines 435--436
[][] 
 []

File: logo.png Graphic file (type png)
<use logo.png>
Package pdftex.def Info: logo.png used on input line 437.
(pdftex.def)             Requested size: 123.46092pt x 131.49092pt.
File: logo.png Graphic file (type png)
 <use logo.png>
Package pdftex.def Info: logo.png used on input line 437.
(pdftex.def)             Requested size: 28.45274pt x 30.30254pt.
 [23 <./assem1.jpg> <./assem2.jpg>]
<assem3.jpg, id=371, 3131.7pt x 4223.78pt>
File: assem3.jpg Graphic file (type jpg)
 <use assem3.jpg>
Package pdftex.def Info: assem3.jpg used on input line 441.
(pdftex.def)             Requested size: 301.09853pt x 200.69608pt.

<assem4.jpg, id=373, 4223.78pt x 3131.7pt>
File: assem4.jpg Graphic file (type jpg)
 <use assem4.jpg>
Package pdftex.def Info: assem4.jpg used on input line 446.
(pdftex.def)             Requested size: 301.10858pt x 200.74828pt.
File: logo.png Graphic file (type png)
 <use logo.png>
Package pdftex.def Info: logo.png used on input line 451.
(pdftex.def)             Requested size: 123.46092pt x 131.49092pt.
File: logo.png Graphic file (type png)

<use logo.png>
Package pdftex.def Info: logo.png used on input line 451.
(pdftex.def)             Requested size: 28.45274pt x 30.30254pt.
 [24 <./assem3.jpg> <./assem4.jpg>]
File: logo.png Graphic file (type png)
 <use logo.png>
Package pdftex.def Info: logo.png used on input line 464.
(pdftex.def)             Requested size: 123.46092pt x 131.49092pt.
File: logo.png Graphic file (type png)

<use logo.png>
Package pdftex.def Info: logo.png used on input line 464.
(pdftex.def)             Requested size: 28.45274pt x 30.30254pt.
 [25] <assem5.jpg, id=387, 4223.78pt x 3131.7pt>
File: assem5.jpg Graphic file (type jpg)

<use assem5.jpg>
Package pdftex.def Info: assem5.jpg used on input line 466.
(pdftex.def)             Requested size: 351.31482pt x 351.27365pt.
File: logo.png Graphic file (type png)
 <use logo.png>
Package pdftex.def Info: logo.png used on input line 472.
(pdftex.def)             Requested size: 123.46092pt x 131.49092pt.
File: logo.png Graphic file (type png)
 <use logo.png>
Package pdftex.def Info: logo.png used on input line 472.
(pdftex.def)             Requested size: 28.45274pt x 30.30254pt.
 [26 <./assem5.jpg>]
Underfull \hbox (badness 10000) in paragraph at lines 475--476

 []

<coolterm1.jpg, id=396, 528.47438pt x 452.4403pt>
File: coolterm1.jpg Graphic file (type jpg)
 <use coolterm1.jpg>
Package pdftex.def Info: coolterm1.jpg used on input line 485.
(pdftex.def)             Requested size: 426.79134pt x 365.38387pt.

Overfull \hbox (36.79134pt too wide) in paragraph at lines 485--486
 [][] 
 []

File: logo.png Graphic file (type png)
<use logo.png>
Package pdftex.def Info: logo.png used on input line 493.
(pdftex.def)             Requested size: 123.46092pt x 131.49092pt.
File: logo.png Graphic file (type png)
 <use logo.png>
Package pdftex.def Info: logo.png used on input line 493.
(pdftex.def)             Requested size: 28.45274pt x 30.30254pt.
 [27 <./coolterm1.jpg>]
<reading.png, id=403, 721.94719pt x 420.82219pt>
File: reading.png Graphic file (type png)
 <use reading.png>
Package pdftex.def Info: reading.png used on input line 502.
(pdftex.def)             Requested size: 426.79134pt x 248.77736pt.

Overfull \hbox (36.79134pt too wide) in paragraph at lines 502--503
 [][] 
 []


Overfull \hbox (3.46509pt too wide) in paragraph at lines 499--505
[]\OT1/cmr/m/n/12 Table name - $\OML/cmm/m/it/12 reading$\OT1/cmr/m/n/12 , It h
olds data un-der the columns $\OML/cmm/m/it/12 id$\OT1/cmr/m/n/12 (Auto
 []


Overfull \hbox (23.69952pt too wide) in paragraph at lines 499--505
\OT1/cmr/m/n/12 In-cre-ment), $\OML/cmm/m/it/12 Current\OT1/cmr/m/n/12 1$, $\OM
L/cmm/m/it/12 Current\OT1/cmr/m/n/12 2$, $\OML/cmm/m/it/12 Current\OT1/cmr/m/n/
12 3$, $\OML/cmm/m/it/12 Voltage$\OT1/cmr/m/n/12 , $\OML/cmm/m/it/12 Frequency$
\OT1/cmr/m/n/12 ,
 []


Overfull \hbox (3.29262pt too wide) in paragraph at lines 507--508
[]\OT1/cmr/m/n/12 Table name - $\OML/cmm/m/it/12 para$\OT1/cmr/m/n/12 , It only
 keeps the lat-est value un-der columns
 []

<para.png, id=404, 439.6425pt x 283.81032pt>
File: para.png Graphic file (type png)
 <use para.png>
Package pdftex.def Info: para.png used on input line 511.
(pdftex.def)             Requested size: 426.79134pt x 275.52086pt.

Overfull \hbox (36.79134pt too wide) in paragraph at lines 511--512
 [][] 
 []

File: logo.png Graphic file (type png)
<use logo.png>
Package pdftex.def Info: logo.png used on input line 515.
(pdftex.def)             Requested size: 123.46092pt x 131.49092pt.
File: logo.png Graphic file (type png)
 <use logo.png>
Package pdftex.def Info: logo.png used on input line 515.
(pdftex.def)             Requested size: 28.45274pt x 30.30254pt.
 [28 <./reading.png>]
File: logo.png Graphic file (type png)
 <use logo.png>
Package pdftex.def Info: logo.png used on input line 517.
(pdftex.def)             Requested size: 123.46092pt x 131.49092pt.
File: logo.png Graphic file (type png)

<use logo.png>
Package pdftex.def Info: logo.png used on input line 517.
(pdftex.def)             Requested size: 28.45274pt x 30.30254pt.
 [29 <./para.png>]
<freq1.png, id=419, 1002.74625pt x 439.6425pt>
File: freq1.png Graphic file (type png)
 <use freq1.png>
Package pdftex.def Info: freq1.png used on input line 527.
(pdftex.def)             Requested size: 426.79134pt x 187.12398pt.

Overfull \hbox (36.79134pt too wide) in paragraph at lines 527--528
 [][] 
 []

<freq_mov.png, id=420, 1012.5328pt x 450.9347pt>
File: freq_mov.png Graphic file (type png)
 <use freq_mov.png>
Package pdftex.def Info: freq_mov.png used on input line 534.
(pdftex.def)             Requested size: 426.79134pt x 190.07246pt.

Overfull \hbox (36.79134pt too wide) in paragraph at lines 534--535
 [][] 
 []

File: logo.png Graphic file (type png)
<use logo.png>
Package pdftex.def Info: logo.png used on input line 538.
(pdftex.def)             Requested size: 123.46092pt x 131.49092pt.
File: logo.png Graphic file (type png)
 <use logo.png>
Package pdftex.def Info: logo.png used on input line 538.
(pdftex.def)             Requested size: 28.45274pt x 30.30254pt.
 [30 <./freq1.png>]
<phase_today.png, id=429, 1009.52156pt x 488.57532pt>
File: phase_today.png Graphic file (type png)
 <use phase_today.png>
Package pdftex.def Info: phase_today.png used on input line 544.
(pdftex.def)             Requested size: 426.79134pt x 206.54959pt.

Overfull \hbox (36.79134pt too wide) in paragraph at lines 544--545
 [][] 
 []

<frequency_today.png, id=430, 1008.76875pt x 463.7325pt>
File: frequency_today.png Graphic file (type png)

<use frequency_today.png>
Package pdftex.def Info: frequency_today.png used on input line 551.
(pdftex.def)             Requested size: 426.79134pt x 196.19566pt.

Overfull \hbox (36.79134pt too wide) in paragraph at lines 551--552
 [][] 
 []

<voltage_today.png, id=431, 1028.34187pt x 447.92343pt>
File: voltage_today.png Graphic file (type png)

<use voltage_today.png>
Package pdftex.def Info: voltage_today.png used on input line 559.
(pdftex.def)             Requested size: 398.33858pt x 173.50702pt.

Overfull \hbox (8.33858pt too wide) in paragraph at lines 559--560
 [][] 
 []

<current_today.png, id=432, 1014.03844pt x 482.55281pt>
File: current_today.png Graphic file (type png)

<use current_today.png>
Package pdftex.def Info: current_today.png used on input line 567.
(pdftex.def)             Requested size: 426.79134pt x 203.09785pt.

Overfull \hbox (36.79134pt too wide) in paragraph at lines 567--568
 [][] 
 []

File: logo.png Graphic file (type png)
<use logo.png>
Package pdftex.def Info: logo.png used on input line 571.
(pdftex.def)             Requested size: 123.46092pt x 131.49092pt.
File: logo.png Graphic file (type png)
 <use logo.png>
Package pdftex.def Info: logo.png used on input line 571.
(pdftex.def)             Requested size: 28.45274pt x 30.30254pt.
 [31 <./freq_mov.png> <./voltage_today.png>]
File: logo.png Graphic file (type png)

<use logo.png>
Package pdftex.def Info: logo.png used on input line 571.
(pdftex.def)             Requested size: 123.46092pt x 131.49092pt.
File: logo.png Graphic file (type png)
 <use logo.png>
Package pdftex.def Info: logo.png used on input line 571.
(pdftex.def)             Requested size: 28.45274pt x 30.30254pt.
 [32 <./phase_today.png> <./frequency_today.png>]
<selection_buttons.png, id=451, 1028.34187pt x 219.82124pt>
File: selection_buttons.png Graphic file (type png)

<use selection_buttons.png>
Package pdftex.def Info: selection_buttons.png used on input line 578.
(pdftex.def)             Requested size: 426.79134pt x 91.23416pt.

Overfull \hbox (36.79134pt too wide) in paragraph at lines 578--579
 [][] 
 []

<selectively_graph.png, id=452, 1005.00468pt x 444.15938pt>
File: selectively_graph.png Graphic file (type png)

<use selectively_graph.png>
Package pdftex.def Info: selectively_graph.png used on input line 590.
(pdftex.def)             Requested size: 426.79134pt x 188.61952pt.

Overfull \hbox (36.79134pt too wide) in paragraph at lines 590--592
 [][] 
 []

File: logo.png Graphic file (type png)
<use logo.png>
Package pdftex.def Info: logo.png used on input line 594.
(pdftex.def)             Requested size: 123.46092pt x 131.49092pt.
File: logo.png Graphic file (type png)
 <use logo.png>
Package pdftex.def Info: logo.png used on input line 594.
(pdftex.def)             Requested size: 28.45274pt x 30.30254pt.
 [33 <./current_today.png> <./selection_buttons.png>] <feedback.png, id=462, 94
4.7797pt x 167.12437pt>
File: feedback.png Graphic file (type png)
 <use feedback.png>
Package pdftex.def Info: feedback.png used on input line 606.
(pdftex.def)             Requested size: 426.79134pt x 75.49597pt.

Overfull \hbox (36.79134pt too wide) in paragraph at lines 606--608
 [][] 
 []

File: logo.png Graphic file (type png)
<use logo.png>
Package pdftex.def Info: logo.png used on input line 612.
(pdftex.def)             Requested size: 123.46092pt x 131.49092pt.
File: logo.png Graphic file (type png)
 <use logo.png>
Package pdftex.def Info: logo.png used on input line 612.
(pdftex.def)             Requested size: 28.45274pt x 30.30254pt.
 [34 <./selectively_graph.png> <./feedback.png>]
<scheduler.png, id=472, 1025.33063pt x 463.7325pt>
File: scheduler.png Graphic file (type png)
 <use scheduler.png>
Package pdftex.def Info: scheduler.png used on input line 619.
(pdftex.def)             Requested size: 426.79134pt x 193.02562pt.

Overfull \hbox (36.79134pt too wide) in paragraph at lines 619--620
 [][] 
 []

<scheduled.png, id=473, 567.62062pt x 222.07968pt>
File: scheduled.png Graphic file (type png)
 <use scheduled.png>
Package pdftex.def Info: scheduled.png used on input line 627.
(pdftex.def)             Requested size: 426.79134pt x 166.98631pt.

Overfull \hbox (36.79134pt too wide) in paragraph at lines 627--628
 [][] 
 []

File: logo.png Graphic file (type png)
<use logo.png>
Package pdftex.def Info: logo.png used on input line 631.
(pdftex.def)             Requested size: 123.46092pt x 131.49092pt.
File: logo.png Graphic file (type png)
 <use logo.png>
Package pdftex.def Info: logo.png used on input line 631.
(pdftex.def)             Requested size: 28.45274pt x 30.30254pt.
 [35 <./scheduler.png>]
<scheduled_table.png, id=481, 1004.25188pt x 389.20406pt>
File: scheduled_table.png Graphic file (type png)

<use scheduled_table.png>
Package pdftex.def Info: scheduled_table.png used on input line 633.
(pdftex.def)             Requested size: 426.79134pt x 165.40657pt.

Overfull \hbox (36.79134pt too wide) in paragraph at lines 633--634
 [][] 
 []


Overfull \hbox (12.57797pt too wide) in paragraph at lines 638--639
[]\OT1/cmr/m/n/12 Initial sta-tus of $\OML/cmm/m/it/12 button[]change$ \OT1/cmr
/m/n/12 is 0, with up-dated val-ues of $\OML/cmm/m/it/12 Switch[]on$
 []

<power.png, id=482, 728.7225pt x 102.3825pt>
File: power.png Graphic file (type png)
 <use power.png>
Package pdftex.def Info: power.png used on input line 646.
(pdftex.def)             Requested size: 369.88582pt x 51.96754pt.
File: logo.png Graphic file (type png)
 <use logo.png>
Package pdftex.def Info: logo.png used on input line 650.
(pdftex.def)             Requested size: 123.46092pt x 131.49092pt.
File: logo.png Graphic file (type png)

<use logo.png>
Package pdftex.def Info: logo.png used on input line 650.
(pdftex.def)             Requested size: 28.45274pt x 30.30254pt.
 [36 <./scheduled.png> <./scheduled_table.png>]
Overfull \hbox (26.41115pt too wide) in paragraph at lines 651--652
[]\OT1/cmr/m/n/12 The but-ton data is sub-mit-ted to $\OML/cmm/m/it/12 button[]
status:php$\OT1/cmr/m/n/12 , $\OML/cmm/m/it/12 button[]status\OT1/cmr/m/n/12 2\
OML/cmm/m/it/12 :php$\OT1/cmr/m/n/12 ,
 []

File: logo.png Graphic file (type png)
<use logo.png>
Package pdftex.def Info: logo.png used on input line 655.
(pdftex.def)             Requested size: 123.46092pt x 131.49092pt.
File: logo.png Graphic file (type png)
 <use logo.png>
Package pdftex.def Info: logo.png used on input line 655.
(pdftex.def)             Requested size: 28.45274pt x 30.30254pt.
 [37 <./power.png>]
<coolterm2.jpg, id=500, 530.73282pt x 330.48468pt>
File: coolterm2.jpg Graphic file (type jpg)
 <use coolterm2.jpg>
Package pdftex.def Info: coolterm2.jpg used on input line 661.
(pdftex.def)             Requested size: 369.88582pt x 230.32913pt.

<coolterm3.jpg, id=501, 523.9575pt x 346.29375pt>
File: coolterm3.jpg Graphic file (type jpg)
 <use coolterm3.jpg>
Package pdftex.def Info: coolterm3.jpg used on input line 665.
(pdftex.def)             Requested size: 369.88582pt x 244.47pt.

<coolterm4.jpg, id=502, 746.03719pt x 465.23813pt>
File: coolterm4.jpg Graphic file (type jpg)
 <use coolterm4.jpg>
Package pdftex.def Info: coolterm4.jpg used on input line 670.
(pdftex.def)             Requested size: 369.88582pt x 230.66628pt.

<coolterm5.jpg, id=503, 739.26187pt x 459.96844pt>
File: coolterm5.jpg Graphic file (type jpg)
 <use coolterm5.jpg>
Package pdftex.def Info: coolterm5.jpg used on input line 675.
(pdftex.def)             Requested size: 369.88582pt x 230.14508pt.
File: logo.png Graphic file (type png)

<use logo.png>
Package pdftex.def Info: logo.png used on input line 678.
(pdftex.def)             Requested size: 123.46092pt x 131.49092pt.
File: logo.png Graphic file (type png)
 <use logo.png>
Package pdftex.def Info: logo.png used on input line 678.
(pdftex.def)             Requested size: 28.45274pt x 30.30254pt.
 [38 <./coolterm2.jpg> <./coolterm3.jpg>]
<coolterm6.jpg, id=510, 750.55406pt x 455.45157pt>
File: coolterm6.jpg Graphic file (type jpg)
 <use coolterm6.jpg>
Package pdftex.def Info: coolterm6.jpg used on input line 680.
(pdftex.def)             Requested size: 369.88582pt x 224.4589pt.
File: logo.png Graphic file (type png)

<use logo.png>
Package pdftex.def Info: logo.png used on input line 685.
(pdftex.def)             Requested size: 123.46092pt x 131.49092pt.
File: logo.png Graphic file (type png)
 <use logo.png>
Package pdftex.def Info: logo.png used on input line 685.
(pdftex.def)             Requested size: 28.45274pt x 30.30254pt.
 [39 <./coolterm4.jpg> <./coolterm5.jpg>]
<homephp.png, id=518, 1028.34187pt x 554.07pt>
File: homephp.png Graphic file (type png)
 <use homephp.png>
Package pdftex.def Info: homephp.png used on input line 690.
(pdftex.def)             Requested size: 426.79134pt x 229.96013pt.

Overfull \hbox (36.79134pt too wide) in paragraph at lines 690--691
 [][] 
 []

File: logo.png Graphic file (type png)
<use logo.png>
Package pdftex.def Info: logo.png used on input line 699.
(pdftex.def)             Requested size: 123.46092pt x 131.49092pt.
File: logo.png Graphic file (type png)
 <use logo.png>
Package pdftex.def Info: logo.png used on input line 699.
(pdftex.def)             Requested size: 28.45274pt x 30.30254pt.
 [40 <./coolterm6.jpg> <./homephp.png>]
<Live_data.png, id=528, 1371.1225pt x 2683.02374pt>
File: Live_data.png Graphic file (type png)
 <use Live_data.png>
Package pdftex.def Info: Live_data.png used on input line 703.
(pdftex.def)             Requested size: 170.71652pt x 334.02614pt.

<Live_data2.png, id=529, 1371.1225pt x 2683.02374pt>
File: Live_data2.png Graphic file (type png)
 <use Live_data2.png>
Package pdftex.def Info: Live_data2.png used on input line 705.
(pdftex.def)             Requested size: 170.71652pt x 334.02614pt.
File: logo.png Graphic file (type png)

<use logo.png>
Package pdftex.def Info: logo.png used on input line 714.
(pdftex.def)             Requested size: 123.46092pt x 131.49092pt.
File: logo.png Graphic file (type png)
 <use logo.png>
Package pdftex.def Info: logo.png used on input line 714.
(pdftex.def)             Requested size: 28.45274pt x 30.30254pt.
 [41 <./Live_data.png> <./Live_data2.png>]
<logging_page.png, id=542, 1028.34187pt x 565.36218pt>
File: logging_page.png Graphic file (type png)
 <use logging_page.png>
Package pdftex.def Info: logging_page.png used on input line 717.
(pdftex.def)             Requested size: 426.79134pt x 234.6468pt.

Overfull \hbox (36.79134pt too wide) in paragraph at lines 717--718
 [][] 
 []

<log.png, id=545, 728.7225pt x 461.47406pt>
File: log.png Graphic file (type png)
 <use log.png>
Package pdftex.def Info: log.png used on input line 729.
(pdftex.def)             Requested size: 426.79134pt x 270.26753pt.

Overfull \hbox (36.79134pt too wide) in paragraph at lines 729--730
 [][] 
 []

File: logo.png Graphic file (type png)
<use logo.png>
Package pdftex.def Info: logo.png used on input line 734.
(pdftex.def)             Requested size: 123.46092pt x 131.49092pt.
File: logo.png Graphic file (type png)
 <use logo.png>
Package pdftex.def Info: logo.png used on input line 734.
(pdftex.def)             Requested size: 28.45274pt x 30.30254pt.
 [42 <./logging_page.png>]
<full.png, id=554, 726.46407pt x 466.74374pt>
File: full.png Graphic file (type png)
 <use full.png>
Package pdftex.def Info: full.png used on input line 744.
(pdftex.def)             Requested size: 426.79134pt x 274.21555pt.

Overfull \hbox (36.79134pt too wide) in paragraph at lines 744--745
 [][] 
 []

File: logo.png Graphic file (type png)
<use logo.png>
Package pdftex.def Info: logo.png used on input line 749.
(pdftex.def)             Requested size: 123.46092pt x 131.49092pt.
File: logo.png Graphic file (type png)
 <use logo.png>
Package pdftex.def Info: logo.png used on input line 749.
(pdftex.def)             Requested size: 28.45274pt x 30.30254pt.
 [43 <./log.png>]
File: logo.png Graphic file (type png)
 <use logo.png>
Package pdftex.def Info: logo.png used on input line 765.
(pdftex.def)             Requested size: 123.46092pt x 131.49092pt.
File: logo.png Graphic file (type png)
 <use logo.png>
Package pdftex.def Info: logo.png used on input line 765.
(pdftex.def)             Requested size: 28.45274pt x 30.30254pt.

[44 <./full.png>]
File: logo.png Graphic file (type png)
 <use logo.png>
Package pdftex.def Info: logo.png used on input line 772.
(pdftex.def)             Requested size: 123.46092pt x 131.49092pt.
File: logo.png Graphic file (type png)
 <use logo.png>
Package pdftex.def Info: logo.png used on input line 772.
(pdftex.def)             Requested size: 28.45274pt x 30.30254pt.
 [45]
File: logo.png Graphic file (type png)
 <use logo.png>
Package pdftex.def Info: logo.png used on input line 796.
(pdftex.def)             Requested size: 123.46092pt x 131.49092pt.
File: logo.png Graphic file (type png)

<use logo.png>
Package pdftex.def Info: logo.png used on input line 796.
(pdftex.def)             Requested size: 28.45274pt x 30.30254pt.
 [46]
File: logo.png Graphic file (type png)
 <use logo.png>
Package pdftex.def Info: logo.png used on input line 807.
(pdftex.def)             Requested size: 123.46092pt x 131.49092pt.
 [47

]
Chapter 2.
File: logo.png Graphic file (type png)
<use logo.png>
Package pdftex.def Info: logo.png used on input line 812.
(pdftex.def)             Requested size: 123.46092pt x 131.49092pt.
 [48

]
File: schematic.jpg Graphic file (type jpg)
 <use schematic.jpg>
Package pdftex.def Info: schematic.jpg used on input line 815.
(pdftex.def)             Requested size: 381.42325pt x 381.43777pt.
File: logo.png Graphic file (type png)
 <use logo.png>
Package pdftex.def Info: logo.png used on input line 817.
(pdftex.def)             Requested size: 123.46092pt x 131.49092pt.
File: logo.png Graphic file (type png)
 <use logo.png>
Package pdftex.def Info: logo.png used on input line 817.
(pdftex.def)             Requested size: 28.45274pt x 30.30254pt.
 [49]
Underfull \hbox (badness 10000) in paragraph at lines 821--847

 []


Underfull \hbox (badness 10000) in paragraph at lines 821--847

 []


Underfull \hbox (badness 10000) in paragraph at lines 821--847

 []


Underfull \hbox (badness 10000) in paragraph at lines 821--847

 []


Underfull \hbox (badness 10000) in paragraph at lines 849--850

 []

File: logo.png Graphic file (type png)
<use logo.png>
Package pdftex.def Info: logo.png used on input line 850.
(pdftex.def)             Requested size: 123.46092pt x 131.49092pt.
File: logo.png Graphic file (type png)
 <use logo.png>
Package pdftex.def Info: logo.png used on input line 850.
(pdftex.def)             Requested size: 28.45274pt x 30.30254pt.
 [50]
Underfull \hbox (badness 10000) in paragraph at lines 851--852

 []

<diy1.png, id=617, 566.115pt x 551.05875pt>
File: diy1.png Graphic file (type png)
 <use diy1.png>
Package pdftex.def Info: diy1.png used on input line 853.
(pdftex.def)             Requested size: 301.1261pt x 293.12761pt.

Underfull \hbox (badness 10000) in paragraph at lines 856--857

 []

<diy2.jpg, id=618, 4882.24pt x 2746.26pt>
File: diy2.jpg Graphic file (type jpg)
 <use diy2.jpg>
Package pdftex.def Info: diy2.jpg used on input line 858.
(pdftex.def)             Requested size: 301.1261pt x 169.37798pt.
File: logo.png Graphic file (type png)
 <use logo.png>
Package pdftex.def Info: logo.png used on input line 861.
(pdftex.def)             Requested size: 123.46092pt x 131.49092pt.
File: logo.png Graphic file (type png)

<use logo.png>
Package pdftex.def Info: logo.png used on input line 861.
(pdftex.def)             Requested size: 28.45274pt x 30.30254pt.
 [51 <./diy1.png> <./diy2.jpg>]
<diy3.jpg, id=624, 2746.26pt x 4882.24pt>
File: diy3.jpg Graphic file (type jpg)
 <use diy3.jpg>
Package pdftex.def Info: diy3.jpg used on input line 862.
(pdftex.def)             Requested size: 200.75073pt x 356.84009pt.

<diy4.jpg, id=625, 4882.24pt x 2746.26pt>
File: diy4.jpg Graphic file (type jpg)
 <use diy4.jpg>
Package pdftex.def Info: diy4.jpg used on input line 865.
(pdftex.def)             Requested size: 351.31378pt x 197.57971pt.

<board.jpg, id=626, 4223.78pt x 3131.7pt>
File: board.jpg Graphic file (type jpg)
 <use board.jpg>
Package pdftex.def Info: board.jpg used on input line 872.
(pdftex.def)             Requested size: 351.31482pt x 401.49657pt.
File: logo.png Graphic file (type png)
 <use logo.png>
Package pdftex.def Info: logo.png used on input line 873.
(pdftex.def)             Requested size: 123.46092pt x 131.49092pt.
File: logo.png Graphic file (type png)

<use logo.png>
Package pdftex.def Info: logo.png used on input line 873.
(pdftex.def)             Requested size: 28.45274pt x 30.30254pt.
 [52 <./diy3.jpg> <./diy4.jpg>]
File: logo.png Graphic file (type png)
 <use logo.png>
Package pdftex.def Info: logo.png used on input line 883.
(pdftex.def)             Requested size: 123.46092pt x 131.49092pt.
File: logo.png Graphic file (type png)
 <use logo.png>
Package pdftex.def Info: logo.png used on input line 883.
(pdftex.def)             Requested size: 28.45274pt x 30.30254pt.

[53 <./board.jpg>]
File: logo.png Graphic file (type png)
 <use logo.png>
Package pdftex.def Info: logo.png used on input line 895.
(pdftex.def)             Requested size: 123.46092pt x 131.49092pt.
File: logo.png Graphic file (type png)
 <use logo.png>
Package pdftex.def Info: logo.png used on input line 895.
(pdftex.def)             Requested size: 28.45274pt x 30.30254pt.
 [54]
Underfull \hbox (badness 10000) in paragraph at lines 898--899

 []


Underfull \hbox (badness 10000) in paragraph at lines 910--911

 []


Underfull \hbox (badness 10000) in paragraph at lines 922--923

 []

! Double superscript.
<argument> OUT = $5e^-^
                       (^t^/^\tau ^)$
l.924 	\textbf{OUT = $5e^-^(^t^/^\tau^)$}
                                         
I treat `x^1^2' essentially like `x^1{}^2'.

! Double superscript.
<argument> OUT = $5e^-^(^
                         t^/^\tau ^)$
l.924 	\textbf{OUT = $5e^-^(^t^/^\tau^)$}
                                         
I treat `x^1^2' essentially like `x^1{}^2'.

! Double superscript.
<argument> OUT = $5e^-^(^t^
                           /^\tau ^)$
l.924 	\textbf{OUT = $5e^-^(^t^/^\tau^)$}
                                         
I treat `x^1^2' essentially like `x^1{}^2'.

! Double superscript.
<argument> OUT = $5e^-^(^t^/^
                             \tau ^)$
l.924 	\textbf{OUT = $5e^-^(^t^/^\tau^)$}
                                         
I treat `x^1^2' essentially like `x^1{}^2'.

! Double superscript.
<argument> OUT = $5e^-^(^t^/^\tau ^
                                   )$
l.924 	\textbf{OUT = $5e^-^(^t^/^\tau^)$}
                                         
I treat `x^1^2' essentially like `x^1{}^2'.


Underfull \hbox (badness 10000) in paragraph at lines 932--933

 []


Underfull \hbox (badness 10000) in paragraph at lines 935--936

 []

File: logo.png Graphic file (type png)
<use logo.png>
Package pdftex.def Info: logo.png used on input line 936.
(pdftex.def)             Requested size: 123.46092pt x 131.49092pt.
File: logo.png Graphic file (type png)
 <use logo.png>
Package pdftex.def Info: logo.png used on input line 936.
(pdftex.def)             Requested size: 28.45274pt x 30.30254pt.
 [55]
Underfull \hbox (badness 10000) in paragraph at lines 937--938

 []

File: logo.png Graphic file (type png)
<use logo.png>
Package pdftex.def Info: logo.png used on input line 939.
(pdftex.def)             Requested size: 123.46092pt x 131.49092pt.
File: logo.png Graphic file (type png)
 <use logo.png>
Package pdftex.def Info: logo.png used on input line 939.
(pdftex.def)             Requested size: 28.45274pt x 30.30254pt.
 [56]
Package atveryend Info: Empty hook `BeforeClearDocument' on input line 939.
Package atveryend Info: Empty hook `AfterLastShipout' on input line 939.
 (report_eYSIP.aux)
Package atveryend Info: Executing hook `AtVeryEndDocument' on input line 939.
Package atveryend Info: Executing hook `AtEndAfterFileList' on input line 939.
Package rerunfilecheck Info: File `report_eYSIP.out' has not changed.
(rerunfilecheck)             Checksum: 7E9843D7BF0D82F47593BECD7EDEFE58;952.
Package atveryend Info: Empty hook `AtVeryVeryEnd' on input line 939.
 ) 
Here is how much of TeX's memory you used:
 31800 strings out of 493634
 637340 string characters out of 3131157
 711344 words of memory out of 3000000
 34514 multiletter control sequences out of 15000+200000
 10902 words of font info for 39 fonts, out of 3000000 for 9000
 1025 hyphenation exceptions out of 8191
 63i,16n,101p,10553b,910s stack positions out of 5000i,500n,10000p,200000b,50000s
<C:/Users/AVILASH MOHANTY/AppData/Local/Programs/MiKTeX 2.9/fonts/type1/publi
c/amsfonts/cm/cmbx12.pfb><C:/Users/AVILASH MOHANTY/AppData/Local/Programs/MiKTe
X 2.9/fonts/type1/public/amsfonts/cm/cmcsc10.pfb><C:/Users/AVILASH MOHANTY/AppD
ata/Local/Programs/MiKTeX 2.9/fonts/type1/public/amsfonts/cm/cmmi12.pfb><C:/Use
rs/AVILASH MOHANTY/AppData/Local/Programs/MiKTeX 2.9/fonts/type1/public/amsfont
s/cm/cmmi8.pfb><C:/Users/AVILASH MOHANTY/AppData/Local/Programs/MiKTeX 2.9/font
s/type1/public/amsfonts/cm/cmr10.pfb><C:/Users/AVILASH MOHANTY/AppData/Local/Pr
ograms/MiKTeX 2.9/fonts/type1/public/amsfonts/cm/cmr12.pfb><C:/Users/AVILASH MO
HANTY/AppData/Local/Programs/MiKTeX 2.9/fonts/type1/public/amsfonts/cm/cmr17.pf
b><C:/Users/AVILASH MOHANTY/AppData/Local/Programs/MiKTeX 2.9/fonts/type1/publi
c/amsfonts/cm/cmr8.pfb><C:/Users/AVILASH MOHANTY/AppData/Local/Programs/MiKTeX 
2.9/fonts/type1/public/amsfonts/cm/cmsy10.pfb><C:/Users/AVILASH MOHANTY/AppData
/Local/Programs/MiKTeX 2.9/fonts/type1/public/amsfonts/cm/cmsy8.pfb><C:/Users/A
VILASH MOHANTY/AppData/Local/Programs/MiKTeX 2.9/fonts/type1/public/amsfonts/cm
/cmti12.pfb>
Output written on report_eYSIP.pdf (57 pages, 52917412 bytes).
PDF statistics:
 730 PDF objects out of 1000 (max. 8388607)
 177 named destinations out of 1000 (max. 500000)
 597 words of extra memory for PDF output out of 10000 (max. 10000000)

